{"/Users/eduardolopes/projects/personal/price-history-api/utils.js": {"path":"/Users/eduardolopes/projects/personal/price-history-api/utils.js","all":false,"statementMap":{"0":{"start":{"line":1,"column":0},"end":{"line":1,"column":11}},"1":{"start":{"line":2,"column":0},"end":{"line":2,"column":25}},"2":{"start":{"line":3,"column":0},"end":{"line":3,"column":27}},"3":{"start":{"line":4,"column":0},"end":{"line":4,"column":0}},"4":{"start":{"line":5,"column":0},"end":{"line":5,"column":47}},"5":{"start":{"line":6,"column":0},"end":{"line":6,"column":0}},"6":{"start":{"line":7,"column":0},"end":{"line":7,"column":48}},"7":{"start":{"line":8,"column":0},"end":{"line":8,"column":31}},"8":{"start":{"line":9,"column":0},"end":{"line":9,"column":3}},"9":{"start":{"line":10,"column":0},"end":{"line":10,"column":0}},"10":{"start":{"line":11,"column":0},"end":{"line":11,"column":0}},"11":{"start":{"line":12,"column":0},"end":{"line":12,"column":3}},"12":{"start":{"line":13,"column":0},"end":{"line":13,"column":107}},"13":{"start":{"line":14,"column":0},"end":{"line":14,"column":3}},"14":{"start":{"line":15,"column":0},"end":{"line":15,"column":0}},"15":{"start":{"line":16,"column":0},"end":{"line":16,"column":0}},"16":{"start":{"line":17,"column":0},"end":{"line":17,"column":0}},"17":{"start":{"line":18,"column":0},"end":{"line":18,"column":3}},"18":{"start":{"line":19,"column":0},"end":{"line":19,"column":33}},"19":{"start":{"line":20,"column":0},"end":{"line":20,"column":3}},"20":{"start":{"line":21,"column":0},"end":{"line":21,"column":26}},"21":{"start":{"line":22,"column":0},"end":{"line":22,"column":14}},"22":{"start":{"line":23,"column":0},"end":{"line":23,"column":26}},"23":{"start":{"line":24,"column":0},"end":{"line":24,"column":33}},"24":{"start":{"line":25,"column":0},"end":{"line":25,"column":0}},"25":{"start":{"line":26,"column":0},"end":{"line":26,"column":57}},"26":{"start":{"line":27,"column":0},"end":{"line":27,"column":57}},"27":{"start":{"line":28,"column":0},"end":{"line":28,"column":35}},"28":{"start":{"line":29,"column":0},"end":{"line":29,"column":35}},"29":{"start":{"line":30,"column":0},"end":{"line":30,"column":35}},"30":{"start":{"line":31,"column":0},"end":{"line":31,"column":35}},"31":{"start":{"line":32,"column":0},"end":{"line":32,"column":0}},"32":{"start":{"line":33,"column":0},"end":{"line":33,"column":22}},"33":{"start":{"line":34,"column":0},"end":{"line":34,"column":23}},"34":{"start":{"line":35,"column":0},"end":{"line":35,"column":14}},"35":{"start":{"line":36,"column":0},"end":{"line":36,"column":23}},"36":{"start":{"line":37,"column":0},"end":{"line":37,"column":7}},"37":{"start":{"line":38,"column":0},"end":{"line":38,"column":7}},"38":{"start":{"line":39,"column":0},"end":{"line":39,"column":0}},"39":{"start":{"line":40,"column":0},"end":{"line":40,"column":17}},"40":{"start":{"line":41,"column":0},"end":{"line":41,"column":10}},"41":{"start":{"line":42,"column":0},"end":{"line":42,"column":13}},"42":{"start":{"line":43,"column":0},"end":{"line":43,"column":3}},"43":{"start":{"line":44,"column":0},"end":{"line":44,"column":0}},"44":{"start":{"line":45,"column":0},"end":{"line":45,"column":1}},"45":{"start":{"line":46,"column":0},"end":{"line":46,"column":0}},"46":{"start":{"line":47,"column":0},"end":{"line":47,"column":3}},"47":{"start":{"line":48,"column":0},"end":{"line":48,"column":44}},"48":{"start":{"line":49,"column":0},"end":{"line":49,"column":3}},"49":{"start":{"line":50,"column":0},"end":{"line":50,"column":36}},"50":{"start":{"line":51,"column":0},"end":{"line":51,"column":36}},"51":{"start":{"line":52,"column":0},"end":{"line":52,"column":0}},"52":{"start":{"line":53,"column":0},"end":{"line":53,"column":28}},"53":{"start":{"line":54,"column":0},"end":{"line":54,"column":56}},"54":{"start":{"line":55,"column":0},"end":{"line":55,"column":28}},"55":{"start":{"line":56,"column":0},"end":{"line":56,"column":43}},"56":{"start":{"line":57,"column":0},"end":{"line":57,"column":0}},"57":{"start":{"line":58,"column":0},"end":{"line":58,"column":33}},"58":{"start":{"line":59,"column":0},"end":{"line":59,"column":47}},"59":{"start":{"line":60,"column":0},"end":{"line":60,"column":12}},"60":{"start":{"line":61,"column":0},"end":{"line":61,"column":44}},"61":{"start":{"line":62,"column":0},"end":{"line":62,"column":5}},"62":{"start":{"line":63,"column":0},"end":{"line":63,"column":3}},"63":{"start":{"line":64,"column":0},"end":{"line":64,"column":0}},"64":{"start":{"line":65,"column":0},"end":{"line":65,"column":45}},"65":{"start":{"line":66,"column":0},"end":{"line":66,"column":1}},"66":{"start":{"line":67,"column":0},"end":{"line":67,"column":0}},"67":{"start":{"line":68,"column":0},"end":{"line":68,"column":0}},"68":{"start":{"line":69,"column":0},"end":{"line":69,"column":54}},"69":{"start":{"line":70,"column":0},"end":{"line":70,"column":3}},"70":{"start":{"line":71,"column":0},"end":{"line":71,"column":27}},"71":{"start":{"line":72,"column":0},"end":{"line":72,"column":3}},"72":{"start":{"line":73,"column":0},"end":{"line":73,"column":0}},"73":{"start":{"line":74,"column":0},"end":{"line":74,"column":37}},"74":{"start":{"line":75,"column":0},"end":{"line":75,"column":61}},"75":{"start":{"line":76,"column":0},"end":{"line":76,"column":55}},"76":{"start":{"line":77,"column":0},"end":{"line":77,"column":60}},"77":{"start":{"line":78,"column":0},"end":{"line":78,"column":59}},"78":{"start":{"line":79,"column":0},"end":{"line":79,"column":51}},"79":{"start":{"line":80,"column":0},"end":{"line":80,"column":35}},"80":{"start":{"line":81,"column":0},"end":{"line":81,"column":59}},"81":{"start":{"line":82,"column":0},"end":{"line":82,"column":0}},"82":{"start":{"line":83,"column":0},"end":{"line":83,"column":33}},"83":{"start":{"line":84,"column":0},"end":{"line":84,"column":1}},"84":{"start":{"line":85,"column":0},"end":{"line":85,"column":0}},"85":{"start":{"line":86,"column":0},"end":{"line":86,"column":3}},"86":{"start":{"line":87,"column":0},"end":{"line":87,"column":68}},"87":{"start":{"line":88,"column":0},"end":{"line":88,"column":3}},"88":{"start":{"line":89,"column":0},"end":{"line":89,"column":31}},"89":{"start":{"line":90,"column":0},"end":{"line":90,"column":15}},"90":{"start":{"line":91,"column":0},"end":{"line":91,"column":40}},"91":{"start":{"line":92,"column":0},"end":{"line":92,"column":37}},"92":{"start":{"line":93,"column":0},"end":{"line":93,"column":14}},"93":{"start":{"line":94,"column":0},"end":{"line":94,"column":16}},"94":{"start":{"line":95,"column":0},"end":{"line":95,"column":42}},"95":{"start":{"line":96,"column":0},"end":{"line":96,"column":7}},"96":{"start":{"line":97,"column":0},"end":{"line":97,"column":59}},"97":{"start":{"line":98,"column":0},"end":{"line":98,"column":5}},"98":{"start":{"line":99,"column":0},"end":{"line":99,"column":4}},"99":{"start":{"line":100,"column":0},"end":{"line":100,"column":1}},"100":{"start":{"line":101,"column":0},"end":{"line":101,"column":0}},"101":{"start":{"line":102,"column":0},"end":{"line":102,"column":26}},"102":{"start":{"line":103,"column":0},"end":{"line":103,"column":20}},"103":{"start":{"line":104,"column":0},"end":{"line":104,"column":0}},"104":{"start":{"line":105,"column":0},"end":{"line":105,"column":39}},"105":{"start":{"line":106,"column":0},"end":{"line":106,"column":27}},"106":{"start":{"line":107,"column":0},"end":{"line":107,"column":0}},"107":{"start":{"line":108,"column":0},"end":{"line":108,"column":31}},"108":{"start":{"line":109,"column":0},"end":{"line":109,"column":36}},"109":{"start":{"line":110,"column":0},"end":{"line":110,"column":12}},"110":{"start":{"line":111,"column":0},"end":{"line":111,"column":26}},"111":{"start":{"line":112,"column":0},"end":{"line":112,"column":5}},"112":{"start":{"line":113,"column":0},"end":{"line":113,"column":3}},"113":{"start":{"line":114,"column":0},"end":{"line":114,"column":0}},"114":{"start":{"line":115,"column":0},"end":{"line":115,"column":16}},"115":{"start":{"line":116,"column":0},"end":{"line":116,"column":1}},"116":{"start":{"line":117,"column":0},"end":{"line":117,"column":0}},"117":{"start":{"line":118,"column":0},"end":{"line":118,"column":40}},"118":{"start":{"line":119,"column":0},"end":{"line":119,"column":60}},"119":{"start":{"line":120,"column":0},"end":{"line":120,"column":34}},"120":{"start":{"line":121,"column":0},"end":{"line":121,"column":38}},"121":{"start":{"line":122,"column":0},"end":{"line":122,"column":0}},"122":{"start":{"line":123,"column":0},"end":{"line":123,"column":33}},"123":{"start":{"line":124,"column":0},"end":{"line":124,"column":20}},"124":{"start":{"line":125,"column":0},"end":{"line":125,"column":0}},"125":{"start":{"line":126,"column":0},"end":{"line":126,"column":37}},"126":{"start":{"line":127,"column":0},"end":{"line":127,"column":41}},"127":{"start":{"line":128,"column":0},"end":{"line":128,"column":34}},"128":{"start":{"line":129,"column":0},"end":{"line":129,"column":32}},"129":{"start":{"line":130,"column":0},"end":{"line":130,"column":28}},"130":{"start":{"line":131,"column":0},"end":{"line":131,"column":0}},"131":{"start":{"line":132,"column":0},"end":{"line":132,"column":76}},"132":{"start":{"line":133,"column":0},"end":{"line":133,"column":65}},"133":{"start":{"line":134,"column":0},"end":{"line":134,"column":68}},"134":{"start":{"line":135,"column":0},"end":{"line":135,"column":50}},"135":{"start":{"line":136,"column":0},"end":{"line":136,"column":15}},"136":{"start":{"line":137,"column":0},"end":{"line":137,"column":5}},"137":{"start":{"line":138,"column":0},"end":{"line":138,"column":0}},"138":{"start":{"line":139,"column":0},"end":{"line":139,"column":79}},"139":{"start":{"line":140,"column":0},"end":{"line":140,"column":24}},"140":{"start":{"line":141,"column":0},"end":{"line":141,"column":3}},"141":{"start":{"line":142,"column":0},"end":{"line":142,"column":0}},"142":{"start":{"line":143,"column":0},"end":{"line":143,"column":16}},"143":{"start":{"line":144,"column":0},"end":{"line":144,"column":1}},"144":{"start":{"line":145,"column":0},"end":{"line":145,"column":0}},"145":{"start":{"line":146,"column":0},"end":{"line":146,"column":18}},"146":{"start":{"line":147,"column":0},"end":{"line":147,"column":13}},"147":{"start":{"line":148,"column":0},"end":{"line":148,"column":13}},"148":{"start":{"line":149,"column":0},"end":{"line":149,"column":2}}},"s":{"0":1,"1":1,"2":1,"3":1,"4":1,"5":1,"6":1,"7":1,"8":1,"9":1,"10":1,"11":1,"12":1,"13":1,"14":1,"15":1,"16":1,"17":1,"18":1,"19":1,"20":0,"21":0,"22":0,"23":0,"24":0,"25":0,"26":0,"27":0,"28":0,"29":0,"30":0,"31":0,"32":0,"33":0,"34":0,"35":0,"36":0,"37":0,"38":0,"39":0,"40":0,"41":0,"42":0,"43":0,"44":0,"45":1,"46":1,"47":1,"48":1,"49":0,"50":0,"51":0,"52":0,"53":0,"54":0,"55":0,"56":0,"57":0,"58":0,"59":0,"60":0,"61":0,"62":0,"63":0,"64":0,"65":0,"66":1,"67":1,"68":1,"69":1,"70":1,"71":1,"72":1,"73":2,"74":2,"75":2,"76":2,"77":2,"78":2,"79":2,"80":2,"81":2,"82":2,"83":2,"84":1,"85":1,"86":1,"87":1,"88":0,"89":0,"90":0,"91":0,"92":0,"93":0,"94":0,"95":0,"96":0,"97":0,"98":0,"99":0,"100":1,"101":0,"102":0,"103":0,"104":0,"105":0,"106":0,"107":0,"108":0,"109":0,"110":0,"111":0,"112":0,"113":0,"114":0,"115":0,"116":1,"117":0,"118":0,"119":0,"120":0,"121":0,"122":0,"123":0,"124":0,"125":0,"126":0,"127":0,"128":0,"129":0,"130":0,"131":0,"132":0,"133":0,"134":0,"135":0,"136":0,"137":0,"138":0,"139":0,"140":0,"141":0,"142":0,"143":0,"144":1,"145":1,"146":1,"147":1,"148":1},"branchMap":{"0":{"type":"branch","line":74,"loc":{"start":{"line":74,"column":0},"end":{"line":84,"column":1}},"locations":[{"start":{"line":74,"column":0},"end":{"line":84,"column":1}}]}},"b":{"0":[2]},"fnMap":{"0":{"name":"sortByXY","decl":{"start":{"line":21,"column":0},"end":{"line":45,"column":1}},"loc":{"start":{"line":21,"column":0},"end":{"line":45,"column":1}},"line":21},"1":{"name":"getDescriptionsByY","decl":{"start":{"line":50,"column":0},"end":{"line":66,"column":1}},"loc":{"start":{"line":50,"column":0},"end":{"line":66,"column":1}},"line":50},"2":{"name":"detectText","decl":{"start":{"line":74,"column":0},"end":{"line":84,"column":1}},"loc":{"start":{"line":74,"column":0},"end":{"line":84,"column":1}},"line":74},"3":{"name":"writeToFile","decl":{"start":{"line":89,"column":0},"end":{"line":100,"column":1}},"loc":{"start":{"line":89,"column":0},"end":{"line":100,"column":1}},"line":89},"4":{"name":"joinValues","decl":{"start":{"line":102,"column":0},"end":{"line":116,"column":1}},"loc":{"start":{"line":102,"column":0},"end":{"line":116,"column":1}},"line":102},"5":{"name":"groupDataByKeys","decl":{"start":{"line":118,"column":0},"end":{"line":144,"column":1}},"loc":{"start":{"line":118,"column":0},"end":{"line":144,"column":1}},"line":118}},"f":{"0":0,"1":0,"2":2,"3":0,"4":0,"5":0}}
,"/Users/eduardolopes/projects/personal/price-history-api/tests/google_vision_mock1.js": {"path":"/Users/eduardolopes/projects/personal/price-history-api/tests/google_vision_mock1.js","all":false,"statementMap":{"0":{"start":{"line":1,"column":0},"end":{"line":1,"column":35}},"1":{"start":{"line":2,"column":0},"end":{"line":2,"column":4}},"2":{"start":{"line":3,"column":0},"end":{"line":3,"column":16}},"3":{"start":{"line":4,"column":0},"end":{"line":4,"column":6}},"4":{"start":{"line":5,"column":0},"end":{"line":5,"column":17}},"5":{"start":{"line":6,"column":0},"end":{"line":6,"column":6}},"6":{"start":{"line":7,"column":0},"end":{"line":7,"column":12}},"7":{"start":{"line":8,"column":0},"end":{"line":8,"column":17}},"8":{"start":{"line":9,"column":0},"end":{"line":9,"column":1085}},"9":{"start":{"line":10,"column":0},"end":{"line":10,"column":13}},"10":{"start":{"line":11,"column":0},"end":{"line":11,"column":18}},"11":{"start":{"line":12,"column":0},"end":{"line":12,"column":18}},"12":{"start":{"line":13,"column":0},"end":{"line":13,"column":19}},"13":{"start":{"line":14,"column":0},"end":{"line":14,"column":17}},"14":{"start":{"line":15,"column":0},"end":{"line":15,"column":9}},"15":{"start":{"line":16,"column":0},"end":{"line":16,"column":17}},"16":{"start":{"line":17,"column":0},"end":{"line":17,"column":17}},"17":{"start":{"line":18,"column":0},"end":{"line":18,"column":10}},"18":{"start":{"line":19,"column":0},"end":{"line":19,"column":9}},"19":{"start":{"line":20,"column":0},"end":{"line":20,"column":18}},"20":{"start":{"line":21,"column":0},"end":{"line":21,"column":17}},"21":{"start":{"line":22,"column":0},"end":{"line":22,"column":10}},"22":{"start":{"line":23,"column":0},"end":{"line":23,"column":9}},"23":{"start":{"line":24,"column":0},"end":{"line":24,"column":18}},"24":{"start":{"line":25,"column":0},"end":{"line":25,"column":18}},"25":{"start":{"line":26,"column":0},"end":{"line":26,"column":10}},"26":{"start":{"line":27,"column":0},"end":{"line":27,"column":9}},"27":{"start":{"line":28,"column":0},"end":{"line":28,"column":17}},"28":{"start":{"line":29,"column":0},"end":{"line":29,"column":18}},"29":{"start":{"line":30,"column":0},"end":{"line":30,"column":10}},"30":{"start":{"line":31,"column":0},"end":{"line":31,"column":8}},"31":{"start":{"line":32,"column":0},"end":{"line":32,"column":27}},"32":{"start":{"line":33,"column":0},"end":{"line":33,"column":8}},"33":{"start":{"line":34,"column":0},"end":{"line":34,"column":6}},"34":{"start":{"line":35,"column":0},"end":{"line":35,"column":4}},"35":{"start":{"line":36,"column":0},"end":{"line":36,"column":3}},"36":{"start":{"line":37,"column":0},"end":{"line":37,"column":16}},"37":{"start":{"line":38,"column":0},"end":{"line":38,"column":6}},"38":{"start":{"line":39,"column":0},"end":{"line":39,"column":17}},"39":{"start":{"line":40,"column":0},"end":{"line":40,"column":6}},"40":{"start":{"line":41,"column":0},"end":{"line":41,"column":12}},"41":{"start":{"line":42,"column":0},"end":{"line":42,"column":15}},"42":{"start":{"line":43,"column":0},"end":{"line":43,"column":26}},"43":{"start":{"line":44,"column":0},"end":{"line":44,"column":13}},"44":{"start":{"line":45,"column":0},"end":{"line":45,"column":18}},"45":{"start":{"line":46,"column":0},"end":{"line":46,"column":18}},"46":{"start":{"line":47,"column":0},"end":{"line":47,"column":19}},"47":{"start":{"line":48,"column":0},"end":{"line":48,"column":17}},"48":{"start":{"line":49,"column":0},"end":{"line":49,"column":9}},"49":{"start":{"line":50,"column":0},"end":{"line":50,"column":17}},"50":{"start":{"line":51,"column":0},"end":{"line":51,"column":18}},"51":{"start":{"line":52,"column":0},"end":{"line":52,"column":10}},"52":{"start":{"line":53,"column":0},"end":{"line":53,"column":9}},"53":{"start":{"line":54,"column":0},"end":{"line":54,"column":17}},"54":{"start":{"line":55,"column":0},"end":{"line":55,"column":18}},"55":{"start":{"line":56,"column":0},"end":{"line":56,"column":10}},"56":{"start":{"line":57,"column":0},"end":{"line":57,"column":9}},"57":{"start":{"line":58,"column":0},"end":{"line":58,"column":17}},"58":{"start":{"line":59,"column":0},"end":{"line":59,"column":18}},"59":{"start":{"line":60,"column":0},"end":{"line":60,"column":10}},"60":{"start":{"line":61,"column":0},"end":{"line":61,"column":9}},"61":{"start":{"line":62,"column":0},"end":{"line":62,"column":17}},"62":{"start":{"line":63,"column":0},"end":{"line":63,"column":18}},"63":{"start":{"line":64,"column":0},"end":{"line":64,"column":10}},"64":{"start":{"line":65,"column":0},"end":{"line":65,"column":8}},"65":{"start":{"line":66,"column":0},"end":{"line":66,"column":27}},"66":{"start":{"line":67,"column":0},"end":{"line":67,"column":8}},"67":{"start":{"line":68,"column":0},"end":{"line":68,"column":6}},"68":{"start":{"line":69,"column":0},"end":{"line":69,"column":4}},"69":{"start":{"line":70,"column":0},"end":{"line":70,"column":3}},"70":{"start":{"line":71,"column":0},"end":{"line":71,"column":16}},"71":{"start":{"line":72,"column":0},"end":{"line":72,"column":6}},"72":{"start":{"line":73,"column":0},"end":{"line":73,"column":17}},"73":{"start":{"line":74,"column":0},"end":{"line":74,"column":6}},"74":{"start":{"line":75,"column":0},"end":{"line":75,"column":12}},"75":{"start":{"line":76,"column":0},"end":{"line":76,"column":15}},"76":{"start":{"line":77,"column":0},"end":{"line":77,"column":22}},"77":{"start":{"line":78,"column":0},"end":{"line":78,"column":13}},"78":{"start":{"line":79,"column":0},"end":{"line":79,"column":18}},"79":{"start":{"line":80,"column":0},"end":{"line":80,"column":18}},"80":{"start":{"line":81,"column":0},"end":{"line":81,"column":19}},"81":{"start":{"line":82,"column":0},"end":{"line":82,"column":17}},"82":{"start":{"line":83,"column":0},"end":{"line":83,"column":9}},"83":{"start":{"line":84,"column":0},"end":{"line":84,"column":17}},"84":{"start":{"line":85,"column":0},"end":{"line":85,"column":18}},"85":{"start":{"line":86,"column":0},"end":{"line":86,"column":10}},"86":{"start":{"line":87,"column":0},"end":{"line":87,"column":9}},"87":{"start":{"line":88,"column":0},"end":{"line":88,"column":18}},"88":{"start":{"line":89,"column":0},"end":{"line":89,"column":18}},"89":{"start":{"line":90,"column":0},"end":{"line":90,"column":10}},"90":{"start":{"line":91,"column":0},"end":{"line":91,"column":9}},"91":{"start":{"line":92,"column":0},"end":{"line":92,"column":18}},"92":{"start":{"line":93,"column":0},"end":{"line":93,"column":18}},"93":{"start":{"line":94,"column":0},"end":{"line":94,"column":10}},"94":{"start":{"line":95,"column":0},"end":{"line":95,"column":9}},"95":{"start":{"line":96,"column":0},"end":{"line":96,"column":17}},"96":{"start":{"line":97,"column":0},"end":{"line":97,"column":18}},"97":{"start":{"line":98,"column":0},"end":{"line":98,"column":10}},"98":{"start":{"line":99,"column":0},"end":{"line":99,"column":8}},"99":{"start":{"line":100,"column":0},"end":{"line":100,"column":27}},"100":{"start":{"line":101,"column":0},"end":{"line":101,"column":8}},"101":{"start":{"line":102,"column":0},"end":{"line":102,"column":6}},"102":{"start":{"line":103,"column":0},"end":{"line":103,"column":4}},"103":{"start":{"line":104,"column":0},"end":{"line":104,"column":3}},"104":{"start":{"line":105,"column":0},"end":{"line":105,"column":16}},"105":{"start":{"line":106,"column":0},"end":{"line":106,"column":6}},"106":{"start":{"line":107,"column":0},"end":{"line":107,"column":17}},"107":{"start":{"line":108,"column":0},"end":{"line":108,"column":6}},"108":{"start":{"line":109,"column":0},"end":{"line":109,"column":12}},"109":{"start":{"line":110,"column":0},"end":{"line":110,"column":15}},"110":{"start":{"line":111,"column":0},"end":{"line":111,"column":26}},"111":{"start":{"line":112,"column":0},"end":{"line":112,"column":13}},"112":{"start":{"line":113,"column":0},"end":{"line":113,"column":18}},"113":{"start":{"line":114,"column":0},"end":{"line":114,"column":18}},"114":{"start":{"line":115,"column":0},"end":{"line":115,"column":19}},"115":{"start":{"line":116,"column":0},"end":{"line":116,"column":17}},"116":{"start":{"line":117,"column":0},"end":{"line":117,"column":9}},"117":{"start":{"line":118,"column":0},"end":{"line":118,"column":18}},"118":{"start":{"line":119,"column":0},"end":{"line":119,"column":18}},"119":{"start":{"line":120,"column":0},"end":{"line":120,"column":10}},"120":{"start":{"line":121,"column":0},"end":{"line":121,"column":9}},"121":{"start":{"line":122,"column":0},"end":{"line":122,"column":18}},"122":{"start":{"line":123,"column":0},"end":{"line":123,"column":18}},"123":{"start":{"line":124,"column":0},"end":{"line":124,"column":10}},"124":{"start":{"line":125,"column":0},"end":{"line":125,"column":9}},"125":{"start":{"line":126,"column":0},"end":{"line":126,"column":18}},"126":{"start":{"line":127,"column":0},"end":{"line":127,"column":18}},"127":{"start":{"line":128,"column":0},"end":{"line":128,"column":10}},"128":{"start":{"line":129,"column":0},"end":{"line":129,"column":9}},"129":{"start":{"line":130,"column":0},"end":{"line":130,"column":18}},"130":{"start":{"line":131,"column":0},"end":{"line":131,"column":18}},"131":{"start":{"line":132,"column":0},"end":{"line":132,"column":10}},"132":{"start":{"line":133,"column":0},"end":{"line":133,"column":8}},"133":{"start":{"line":134,"column":0},"end":{"line":134,"column":27}},"134":{"start":{"line":135,"column":0},"end":{"line":135,"column":8}},"135":{"start":{"line":136,"column":0},"end":{"line":136,"column":6}},"136":{"start":{"line":137,"column":0},"end":{"line":137,"column":4}},"137":{"start":{"line":138,"column":0},"end":{"line":138,"column":3}},"138":{"start":{"line":139,"column":0},"end":{"line":139,"column":16}},"139":{"start":{"line":140,"column":0},"end":{"line":140,"column":6}},"140":{"start":{"line":141,"column":0},"end":{"line":141,"column":17}},"141":{"start":{"line":142,"column":0},"end":{"line":142,"column":6}},"142":{"start":{"line":143,"column":0},"end":{"line":143,"column":12}},"143":{"start":{"line":144,"column":0},"end":{"line":144,"column":15}},"144":{"start":{"line":145,"column":0},"end":{"line":145,"column":24}},"145":{"start":{"line":146,"column":0},"end":{"line":146,"column":13}},"146":{"start":{"line":147,"column":0},"end":{"line":147,"column":18}},"147":{"start":{"line":148,"column":0},"end":{"line":148,"column":18}},"148":{"start":{"line":149,"column":0},"end":{"line":149,"column":19}},"149":{"start":{"line":150,"column":0},"end":{"line":150,"column":17}},"150":{"start":{"line":151,"column":0},"end":{"line":151,"column":9}},"151":{"start":{"line":152,"column":0},"end":{"line":152,"column":18}},"152":{"start":{"line":153,"column":0},"end":{"line":153,"column":18}},"153":{"start":{"line":154,"column":0},"end":{"line":154,"column":10}},"154":{"start":{"line":155,"column":0},"end":{"line":155,"column":9}},"155":{"start":{"line":156,"column":0},"end":{"line":156,"column":18}},"156":{"start":{"line":157,"column":0},"end":{"line":157,"column":18}},"157":{"start":{"line":158,"column":0},"end":{"line":158,"column":10}},"158":{"start":{"line":159,"column":0},"end":{"line":159,"column":9}},"159":{"start":{"line":160,"column":0},"end":{"line":160,"column":18}},"160":{"start":{"line":161,"column":0},"end":{"line":161,"column":18}},"161":{"start":{"line":162,"column":0},"end":{"line":162,"column":10}},"162":{"start":{"line":163,"column":0},"end":{"line":163,"column":9}},"163":{"start":{"line":164,"column":0},"end":{"line":164,"column":18}},"164":{"start":{"line":165,"column":0},"end":{"line":165,"column":18}},"165":{"start":{"line":166,"column":0},"end":{"line":166,"column":10}},"166":{"start":{"line":167,"column":0},"end":{"line":167,"column":8}},"167":{"start":{"line":168,"column":0},"end":{"line":168,"column":27}},"168":{"start":{"line":169,"column":0},"end":{"line":169,"column":8}},"169":{"start":{"line":170,"column":0},"end":{"line":170,"column":6}},"170":{"start":{"line":171,"column":0},"end":{"line":171,"column":4}},"171":{"start":{"line":172,"column":0},"end":{"line":172,"column":3}},"172":{"start":{"line":173,"column":0},"end":{"line":173,"column":16}},"173":{"start":{"line":174,"column":0},"end":{"line":174,"column":6}},"174":{"start":{"line":175,"column":0},"end":{"line":175,"column":17}},"175":{"start":{"line":176,"column":0},"end":{"line":176,"column":6}},"176":{"start":{"line":177,"column":0},"end":{"line":177,"column":12}},"177":{"start":{"line":178,"column":0},"end":{"line":178,"column":15}},"178":{"start":{"line":179,"column":0},"end":{"line":179,"column":21}},"179":{"start":{"line":180,"column":0},"end":{"line":180,"column":13}},"180":{"start":{"line":181,"column":0},"end":{"line":181,"column":18}},"181":{"start":{"line":182,"column":0},"end":{"line":182,"column":18}},"182":{"start":{"line":183,"column":0},"end":{"line":183,"column":19}},"183":{"start":{"line":184,"column":0},"end":{"line":184,"column":17}},"184":{"start":{"line":185,"column":0},"end":{"line":185,"column":9}},"185":{"start":{"line":186,"column":0},"end":{"line":186,"column":18}},"186":{"start":{"line":187,"column":0},"end":{"line":187,"column":18}},"187":{"start":{"line":188,"column":0},"end":{"line":188,"column":10}},"188":{"start":{"line":189,"column":0},"end":{"line":189,"column":9}},"189":{"start":{"line":190,"column":0},"end":{"line":190,"column":18}},"190":{"start":{"line":191,"column":0},"end":{"line":191,"column":18}},"191":{"start":{"line":192,"column":0},"end":{"line":192,"column":10}},"192":{"start":{"line":193,"column":0},"end":{"line":193,"column":9}},"193":{"start":{"line":194,"column":0},"end":{"line":194,"column":18}},"194":{"start":{"line":195,"column":0},"end":{"line":195,"column":18}},"195":{"start":{"line":196,"column":0},"end":{"line":196,"column":10}},"196":{"start":{"line":197,"column":0},"end":{"line":197,"column":9}},"197":{"start":{"line":198,"column":0},"end":{"line":198,"column":18}},"198":{"start":{"line":199,"column":0},"end":{"line":199,"column":18}},"199":{"start":{"line":200,"column":0},"end":{"line":200,"column":10}},"200":{"start":{"line":201,"column":0},"end":{"line":201,"column":8}},"201":{"start":{"line":202,"column":0},"end":{"line":202,"column":27}},"202":{"start":{"line":203,"column":0},"end":{"line":203,"column":8}},"203":{"start":{"line":204,"column":0},"end":{"line":204,"column":6}},"204":{"start":{"line":205,"column":0},"end":{"line":205,"column":4}},"205":{"start":{"line":206,"column":0},"end":{"line":206,"column":3}},"206":{"start":{"line":207,"column":0},"end":{"line":207,"column":16}},"207":{"start":{"line":208,"column":0},"end":{"line":208,"column":6}},"208":{"start":{"line":209,"column":0},"end":{"line":209,"column":17}},"209":{"start":{"line":210,"column":0},"end":{"line":210,"column":6}},"210":{"start":{"line":211,"column":0},"end":{"line":211,"column":12}},"211":{"start":{"line":212,"column":0},"end":{"line":212,"column":15}},"212":{"start":{"line":213,"column":0},"end":{"line":213,"column":24}},"213":{"start":{"line":214,"column":0},"end":{"line":214,"column":13}},"214":{"start":{"line":215,"column":0},"end":{"line":215,"column":18}},"215":{"start":{"line":216,"column":0},"end":{"line":216,"column":18}},"216":{"start":{"line":217,"column":0},"end":{"line":217,"column":19}},"217":{"start":{"line":218,"column":0},"end":{"line":218,"column":17}},"218":{"start":{"line":219,"column":0},"end":{"line":219,"column":9}},"219":{"start":{"line":220,"column":0},"end":{"line":220,"column":17}},"220":{"start":{"line":221,"column":0},"end":{"line":221,"column":18}},"221":{"start":{"line":222,"column":0},"end":{"line":222,"column":10}},"222":{"start":{"line":223,"column":0},"end":{"line":223,"column":9}},"223":{"start":{"line":224,"column":0},"end":{"line":224,"column":17}},"224":{"start":{"line":225,"column":0},"end":{"line":225,"column":18}},"225":{"start":{"line":226,"column":0},"end":{"line":226,"column":10}},"226":{"start":{"line":227,"column":0},"end":{"line":227,"column":9}},"227":{"start":{"line":228,"column":0},"end":{"line":228,"column":17}},"228":{"start":{"line":229,"column":0},"end":{"line":229,"column":18}},"229":{"start":{"line":230,"column":0},"end":{"line":230,"column":10}},"230":{"start":{"line":231,"column":0},"end":{"line":231,"column":9}},"231":{"start":{"line":232,"column":0},"end":{"line":232,"column":17}},"232":{"start":{"line":233,"column":0},"end":{"line":233,"column":18}},"233":{"start":{"line":234,"column":0},"end":{"line":234,"column":10}},"234":{"start":{"line":235,"column":0},"end":{"line":235,"column":8}},"235":{"start":{"line":236,"column":0},"end":{"line":236,"column":27}},"236":{"start":{"line":237,"column":0},"end":{"line":237,"column":8}},"237":{"start":{"line":238,"column":0},"end":{"line":238,"column":6}},"238":{"start":{"line":239,"column":0},"end":{"line":239,"column":4}},"239":{"start":{"line":240,"column":0},"end":{"line":240,"column":3}},"240":{"start":{"line":241,"column":0},"end":{"line":241,"column":16}},"241":{"start":{"line":242,"column":0},"end":{"line":242,"column":6}},"242":{"start":{"line":243,"column":0},"end":{"line":243,"column":17}},"243":{"start":{"line":244,"column":0},"end":{"line":244,"column":6}},"244":{"start":{"line":245,"column":0},"end":{"line":245,"column":12}},"245":{"start":{"line":246,"column":0},"end":{"line":246,"column":15}},"246":{"start":{"line":247,"column":0},"end":{"line":247,"column":21}},"247":{"start":{"line":248,"column":0},"end":{"line":248,"column":13}},"248":{"start":{"line":249,"column":0},"end":{"line":249,"column":18}},"249":{"start":{"line":250,"column":0},"end":{"line":250,"column":18}},"250":{"start":{"line":251,"column":0},"end":{"line":251,"column":19}},"251":{"start":{"line":252,"column":0},"end":{"line":252,"column":17}},"252":{"start":{"line":253,"column":0},"end":{"line":253,"column":9}},"253":{"start":{"line":254,"column":0},"end":{"line":254,"column":17}},"254":{"start":{"line":255,"column":0},"end":{"line":255,"column":18}},"255":{"start":{"line":256,"column":0},"end":{"line":256,"column":10}},"256":{"start":{"line":257,"column":0},"end":{"line":257,"column":9}},"257":{"start":{"line":258,"column":0},"end":{"line":258,"column":17}},"258":{"start":{"line":259,"column":0},"end":{"line":259,"column":18}},"259":{"start":{"line":260,"column":0},"end":{"line":260,"column":10}},"260":{"start":{"line":261,"column":0},"end":{"line":261,"column":9}},"261":{"start":{"line":262,"column":0},"end":{"line":262,"column":17}},"262":{"start":{"line":263,"column":0},"end":{"line":263,"column":18}},"263":{"start":{"line":264,"column":0},"end":{"line":264,"column":10}},"264":{"start":{"line":265,"column":0},"end":{"line":265,"column":9}},"265":{"start":{"line":266,"column":0},"end":{"line":266,"column":17}},"266":{"start":{"line":267,"column":0},"end":{"line":267,"column":18}},"267":{"start":{"line":268,"column":0},"end":{"line":268,"column":10}},"268":{"start":{"line":269,"column":0},"end":{"line":269,"column":8}},"269":{"start":{"line":270,"column":0},"end":{"line":270,"column":27}},"270":{"start":{"line":271,"column":0},"end":{"line":271,"column":8}},"271":{"start":{"line":272,"column":0},"end":{"line":272,"column":6}},"272":{"start":{"line":273,"column":0},"end":{"line":273,"column":4}},"273":{"start":{"line":274,"column":0},"end":{"line":274,"column":3}},"274":{"start":{"line":275,"column":0},"end":{"line":275,"column":16}},"275":{"start":{"line":276,"column":0},"end":{"line":276,"column":6}},"276":{"start":{"line":277,"column":0},"end":{"line":277,"column":17}},"277":{"start":{"line":278,"column":0},"end":{"line":278,"column":6}},"278":{"start":{"line":279,"column":0},"end":{"line":279,"column":12}},"279":{"start":{"line":280,"column":0},"end":{"line":280,"column":15}},"280":{"start":{"line":281,"column":0},"end":{"line":281,"column":30}},"281":{"start":{"line":282,"column":0},"end":{"line":282,"column":13}},"282":{"start":{"line":283,"column":0},"end":{"line":283,"column":18}},"283":{"start":{"line":284,"column":0},"end":{"line":284,"column":18}},"284":{"start":{"line":285,"column":0},"end":{"line":285,"column":19}},"285":{"start":{"line":286,"column":0},"end":{"line":286,"column":17}},"286":{"start":{"line":287,"column":0},"end":{"line":287,"column":9}},"287":{"start":{"line":288,"column":0},"end":{"line":288,"column":17}},"288":{"start":{"line":289,"column":0},"end":{"line":289,"column":18}},"289":{"start":{"line":290,"column":0},"end":{"line":290,"column":10}},"290":{"start":{"line":291,"column":0},"end":{"line":291,"column":9}},"291":{"start":{"line":292,"column":0},"end":{"line":292,"column":18}},"292":{"start":{"line":293,"column":0},"end":{"line":293,"column":18}},"293":{"start":{"line":294,"column":0},"end":{"line":294,"column":10}},"294":{"start":{"line":295,"column":0},"end":{"line":295,"column":9}},"295":{"start":{"line":296,"column":0},"end":{"line":296,"column":18}},"296":{"start":{"line":297,"column":0},"end":{"line":297,"column":18}},"297":{"start":{"line":298,"column":0},"end":{"line":298,"column":10}},"298":{"start":{"line":299,"column":0},"end":{"line":299,"column":9}},"299":{"start":{"line":300,"column":0},"end":{"line":300,"column":17}},"300":{"start":{"line":301,"column":0},"end":{"line":301,"column":18}},"301":{"start":{"line":302,"column":0},"end":{"line":302,"column":10}},"302":{"start":{"line":303,"column":0},"end":{"line":303,"column":8}},"303":{"start":{"line":304,"column":0},"end":{"line":304,"column":27}},"304":{"start":{"line":305,"column":0},"end":{"line":305,"column":8}},"305":{"start":{"line":306,"column":0},"end":{"line":306,"column":6}},"306":{"start":{"line":307,"column":0},"end":{"line":307,"column":4}},"307":{"start":{"line":308,"column":0},"end":{"line":308,"column":3}},"308":{"start":{"line":309,"column":0},"end":{"line":309,"column":16}},"309":{"start":{"line":310,"column":0},"end":{"line":310,"column":6}},"310":{"start":{"line":311,"column":0},"end":{"line":311,"column":17}},"311":{"start":{"line":312,"column":0},"end":{"line":312,"column":6}},"312":{"start":{"line":313,"column":0},"end":{"line":313,"column":12}},"313":{"start":{"line":314,"column":0},"end":{"line":314,"column":15}},"314":{"start":{"line":315,"column":0},"end":{"line":315,"column":21}},"315":{"start":{"line":316,"column":0},"end":{"line":316,"column":13}},"316":{"start":{"line":317,"column":0},"end":{"line":317,"column":18}},"317":{"start":{"line":318,"column":0},"end":{"line":318,"column":18}},"318":{"start":{"line":319,"column":0},"end":{"line":319,"column":19}},"319":{"start":{"line":320,"column":0},"end":{"line":320,"column":17}},"320":{"start":{"line":321,"column":0},"end":{"line":321,"column":9}},"321":{"start":{"line":322,"column":0},"end":{"line":322,"column":18}},"322":{"start":{"line":323,"column":0},"end":{"line":323,"column":18}},"323":{"start":{"line":324,"column":0},"end":{"line":324,"column":10}},"324":{"start":{"line":325,"column":0},"end":{"line":325,"column":9}},"325":{"start":{"line":326,"column":0},"end":{"line":326,"column":18}},"326":{"start":{"line":327,"column":0},"end":{"line":327,"column":18}},"327":{"start":{"line":328,"column":0},"end":{"line":328,"column":10}},"328":{"start":{"line":329,"column":0},"end":{"line":329,"column":9}},"329":{"start":{"line":330,"column":0},"end":{"line":330,"column":18}},"330":{"start":{"line":331,"column":0},"end":{"line":331,"column":18}},"331":{"start":{"line":332,"column":0},"end":{"line":332,"column":10}},"332":{"start":{"line":333,"column":0},"end":{"line":333,"column":9}},"333":{"start":{"line":334,"column":0},"end":{"line":334,"column":18}},"334":{"start":{"line":335,"column":0},"end":{"line":335,"column":18}},"335":{"start":{"line":336,"column":0},"end":{"line":336,"column":10}},"336":{"start":{"line":337,"column":0},"end":{"line":337,"column":8}},"337":{"start":{"line":338,"column":0},"end":{"line":338,"column":27}},"338":{"start":{"line":339,"column":0},"end":{"line":339,"column":8}},"339":{"start":{"line":340,"column":0},"end":{"line":340,"column":6}},"340":{"start":{"line":341,"column":0},"end":{"line":341,"column":4}},"341":{"start":{"line":342,"column":0},"end":{"line":342,"column":3}},"342":{"start":{"line":343,"column":0},"end":{"line":343,"column":16}},"343":{"start":{"line":344,"column":0},"end":{"line":344,"column":6}},"344":{"start":{"line":345,"column":0},"end":{"line":345,"column":17}},"345":{"start":{"line":346,"column":0},"end":{"line":346,"column":6}},"346":{"start":{"line":347,"column":0},"end":{"line":347,"column":12}},"347":{"start":{"line":348,"column":0},"end":{"line":348,"column":15}},"348":{"start":{"line":349,"column":0},"end":{"line":349,"column":27}},"349":{"start":{"line":350,"column":0},"end":{"line":350,"column":13}},"350":{"start":{"line":351,"column":0},"end":{"line":351,"column":18}},"351":{"start":{"line":352,"column":0},"end":{"line":352,"column":18}},"352":{"start":{"line":353,"column":0},"end":{"line":353,"column":19}},"353":{"start":{"line":354,"column":0},"end":{"line":354,"column":17}},"354":{"start":{"line":355,"column":0},"end":{"line":355,"column":9}},"355":{"start":{"line":356,"column":0},"end":{"line":356,"column":18}},"356":{"start":{"line":357,"column":0},"end":{"line":357,"column":18}},"357":{"start":{"line":358,"column":0},"end":{"line":358,"column":10}},"358":{"start":{"line":359,"column":0},"end":{"line":359,"column":9}},"359":{"start":{"line":360,"column":0},"end":{"line":360,"column":18}},"360":{"start":{"line":361,"column":0},"end":{"line":361,"column":18}},"361":{"start":{"line":362,"column":0},"end":{"line":362,"column":10}},"362":{"start":{"line":363,"column":0},"end":{"line":363,"column":9}},"363":{"start":{"line":364,"column":0},"end":{"line":364,"column":18}},"364":{"start":{"line":365,"column":0},"end":{"line":365,"column":18}},"365":{"start":{"line":366,"column":0},"end":{"line":366,"column":10}},"366":{"start":{"line":367,"column":0},"end":{"line":367,"column":9}},"367":{"start":{"line":368,"column":0},"end":{"line":368,"column":18}},"368":{"start":{"line":369,"column":0},"end":{"line":369,"column":18}},"369":{"start":{"line":370,"column":0},"end":{"line":370,"column":10}},"370":{"start":{"line":371,"column":0},"end":{"line":371,"column":8}},"371":{"start":{"line":372,"column":0},"end":{"line":372,"column":27}},"372":{"start":{"line":373,"column":0},"end":{"line":373,"column":8}},"373":{"start":{"line":374,"column":0},"end":{"line":374,"column":6}},"374":{"start":{"line":375,"column":0},"end":{"line":375,"column":4}},"375":{"start":{"line":376,"column":0},"end":{"line":376,"column":3}},"376":{"start":{"line":377,"column":0},"end":{"line":377,"column":16}},"377":{"start":{"line":378,"column":0},"end":{"line":378,"column":6}},"378":{"start":{"line":379,"column":0},"end":{"line":379,"column":17}},"379":{"start":{"line":380,"column":0},"end":{"line":380,"column":6}},"380":{"start":{"line":381,"column":0},"end":{"line":381,"column":12}},"381":{"start":{"line":382,"column":0},"end":{"line":382,"column":15}},"382":{"start":{"line":383,"column":0},"end":{"line":383,"column":24}},"383":{"start":{"line":384,"column":0},"end":{"line":384,"column":13}},"384":{"start":{"line":385,"column":0},"end":{"line":385,"column":18}},"385":{"start":{"line":386,"column":0},"end":{"line":386,"column":18}},"386":{"start":{"line":387,"column":0},"end":{"line":387,"column":19}},"387":{"start":{"line":388,"column":0},"end":{"line":388,"column":17}},"388":{"start":{"line":389,"column":0},"end":{"line":389,"column":9}},"389":{"start":{"line":390,"column":0},"end":{"line":390,"column":17}},"390":{"start":{"line":391,"column":0},"end":{"line":391,"column":18}},"391":{"start":{"line":392,"column":0},"end":{"line":392,"column":10}},"392":{"start":{"line":393,"column":0},"end":{"line":393,"column":9}},"393":{"start":{"line":394,"column":0},"end":{"line":394,"column":17}},"394":{"start":{"line":395,"column":0},"end":{"line":395,"column":18}},"395":{"start":{"line":396,"column":0},"end":{"line":396,"column":10}},"396":{"start":{"line":397,"column":0},"end":{"line":397,"column":9}},"397":{"start":{"line":398,"column":0},"end":{"line":398,"column":17}},"398":{"start":{"line":399,"column":0},"end":{"line":399,"column":18}},"399":{"start":{"line":400,"column":0},"end":{"line":400,"column":10}},"400":{"start":{"line":401,"column":0},"end":{"line":401,"column":9}},"401":{"start":{"line":402,"column":0},"end":{"line":402,"column":17}},"402":{"start":{"line":403,"column":0},"end":{"line":403,"column":18}},"403":{"start":{"line":404,"column":0},"end":{"line":404,"column":10}},"404":{"start":{"line":405,"column":0},"end":{"line":405,"column":8}},"405":{"start":{"line":406,"column":0},"end":{"line":406,"column":27}},"406":{"start":{"line":407,"column":0},"end":{"line":407,"column":8}},"407":{"start":{"line":408,"column":0},"end":{"line":408,"column":6}},"408":{"start":{"line":409,"column":0},"end":{"line":409,"column":4}},"409":{"start":{"line":410,"column":0},"end":{"line":410,"column":3}},"410":{"start":{"line":411,"column":0},"end":{"line":411,"column":16}},"411":{"start":{"line":412,"column":0},"end":{"line":412,"column":6}},"412":{"start":{"line":413,"column":0},"end":{"line":413,"column":17}},"413":{"start":{"line":414,"column":0},"end":{"line":414,"column":6}},"414":{"start":{"line":415,"column":0},"end":{"line":415,"column":12}},"415":{"start":{"line":416,"column":0},"end":{"line":416,"column":15}},"416":{"start":{"line":417,"column":0},"end":{"line":417,"column":21}},"417":{"start":{"line":418,"column":0},"end":{"line":418,"column":13}},"418":{"start":{"line":419,"column":0},"end":{"line":419,"column":18}},"419":{"start":{"line":420,"column":0},"end":{"line":420,"column":18}},"420":{"start":{"line":421,"column":0},"end":{"line":421,"column":19}},"421":{"start":{"line":422,"column":0},"end":{"line":422,"column":17}},"422":{"start":{"line":423,"column":0},"end":{"line":423,"column":9}},"423":{"start":{"line":424,"column":0},"end":{"line":424,"column":17}},"424":{"start":{"line":425,"column":0},"end":{"line":425,"column":18}},"425":{"start":{"line":426,"column":0},"end":{"line":426,"column":10}},"426":{"start":{"line":427,"column":0},"end":{"line":427,"column":9}},"427":{"start":{"line":428,"column":0},"end":{"line":428,"column":17}},"428":{"start":{"line":429,"column":0},"end":{"line":429,"column":18}},"429":{"start":{"line":430,"column":0},"end":{"line":430,"column":10}},"430":{"start":{"line":431,"column":0},"end":{"line":431,"column":9}},"431":{"start":{"line":432,"column":0},"end":{"line":432,"column":17}},"432":{"start":{"line":433,"column":0},"end":{"line":433,"column":18}},"433":{"start":{"line":434,"column":0},"end":{"line":434,"column":10}},"434":{"start":{"line":435,"column":0},"end":{"line":435,"column":9}},"435":{"start":{"line":436,"column":0},"end":{"line":436,"column":17}},"436":{"start":{"line":437,"column":0},"end":{"line":437,"column":18}},"437":{"start":{"line":438,"column":0},"end":{"line":438,"column":10}},"438":{"start":{"line":439,"column":0},"end":{"line":439,"column":8}},"439":{"start":{"line":440,"column":0},"end":{"line":440,"column":27}},"440":{"start":{"line":441,"column":0},"end":{"line":441,"column":8}},"441":{"start":{"line":442,"column":0},"end":{"line":442,"column":6}},"442":{"start":{"line":443,"column":0},"end":{"line":443,"column":4}},"443":{"start":{"line":444,"column":0},"end":{"line":444,"column":3}},"444":{"start":{"line":445,"column":0},"end":{"line":445,"column":16}},"445":{"start":{"line":446,"column":0},"end":{"line":446,"column":6}},"446":{"start":{"line":447,"column":0},"end":{"line":447,"column":17}},"447":{"start":{"line":448,"column":0},"end":{"line":448,"column":6}},"448":{"start":{"line":449,"column":0},"end":{"line":449,"column":12}},"449":{"start":{"line":450,"column":0},"end":{"line":450,"column":15}},"450":{"start":{"line":451,"column":0},"end":{"line":451,"column":23}},"451":{"start":{"line":452,"column":0},"end":{"line":452,"column":13}},"452":{"start":{"line":453,"column":0},"end":{"line":453,"column":18}},"453":{"start":{"line":454,"column":0},"end":{"line":454,"column":18}},"454":{"start":{"line":455,"column":0},"end":{"line":455,"column":19}},"455":{"start":{"line":456,"column":0},"end":{"line":456,"column":17}},"456":{"start":{"line":457,"column":0},"end":{"line":457,"column":9}},"457":{"start":{"line":458,"column":0},"end":{"line":458,"column":17}},"458":{"start":{"line":459,"column":0},"end":{"line":459,"column":18}},"459":{"start":{"line":460,"column":0},"end":{"line":460,"column":10}},"460":{"start":{"line":461,"column":0},"end":{"line":461,"column":9}},"461":{"start":{"line":462,"column":0},"end":{"line":462,"column":18}},"462":{"start":{"line":463,"column":0},"end":{"line":463,"column":18}},"463":{"start":{"line":464,"column":0},"end":{"line":464,"column":10}},"464":{"start":{"line":465,"column":0},"end":{"line":465,"column":9}},"465":{"start":{"line":466,"column":0},"end":{"line":466,"column":18}},"466":{"start":{"line":467,"column":0},"end":{"line":467,"column":18}},"467":{"start":{"line":468,"column":0},"end":{"line":468,"column":10}},"468":{"start":{"line":469,"column":0},"end":{"line":469,"column":9}},"469":{"start":{"line":470,"column":0},"end":{"line":470,"column":17}},"470":{"start":{"line":471,"column":0},"end":{"line":471,"column":18}},"471":{"start":{"line":472,"column":0},"end":{"line":472,"column":10}},"472":{"start":{"line":473,"column":0},"end":{"line":473,"column":8}},"473":{"start":{"line":474,"column":0},"end":{"line":474,"column":27}},"474":{"start":{"line":475,"column":0},"end":{"line":475,"column":8}},"475":{"start":{"line":476,"column":0},"end":{"line":476,"column":6}},"476":{"start":{"line":477,"column":0},"end":{"line":477,"column":4}},"477":{"start":{"line":478,"column":0},"end":{"line":478,"column":3}},"478":{"start":{"line":479,"column":0},"end":{"line":479,"column":16}},"479":{"start":{"line":480,"column":0},"end":{"line":480,"column":6}},"480":{"start":{"line":481,"column":0},"end":{"line":481,"column":17}},"481":{"start":{"line":482,"column":0},"end":{"line":482,"column":6}},"482":{"start":{"line":483,"column":0},"end":{"line":483,"column":12}},"483":{"start":{"line":484,"column":0},"end":{"line":484,"column":15}},"484":{"start":{"line":485,"column":0},"end":{"line":485,"column":22}},"485":{"start":{"line":486,"column":0},"end":{"line":486,"column":13}},"486":{"start":{"line":487,"column":0},"end":{"line":487,"column":18}},"487":{"start":{"line":488,"column":0},"end":{"line":488,"column":18}},"488":{"start":{"line":489,"column":0},"end":{"line":489,"column":19}},"489":{"start":{"line":490,"column":0},"end":{"line":490,"column":17}},"490":{"start":{"line":491,"column":0},"end":{"line":491,"column":9}},"491":{"start":{"line":492,"column":0},"end":{"line":492,"column":18}},"492":{"start":{"line":493,"column":0},"end":{"line":493,"column":18}},"493":{"start":{"line":494,"column":0},"end":{"line":494,"column":10}},"494":{"start":{"line":495,"column":0},"end":{"line":495,"column":9}},"495":{"start":{"line":496,"column":0},"end":{"line":496,"column":18}},"496":{"start":{"line":497,"column":0},"end":{"line":497,"column":18}},"497":{"start":{"line":498,"column":0},"end":{"line":498,"column":10}},"498":{"start":{"line":499,"column":0},"end":{"line":499,"column":9}},"499":{"start":{"line":500,"column":0},"end":{"line":500,"column":18}},"500":{"start":{"line":501,"column":0},"end":{"line":501,"column":18}},"501":{"start":{"line":502,"column":0},"end":{"line":502,"column":10}},"502":{"start":{"line":503,"column":0},"end":{"line":503,"column":9}},"503":{"start":{"line":504,"column":0},"end":{"line":504,"column":18}},"504":{"start":{"line":505,"column":0},"end":{"line":505,"column":18}},"505":{"start":{"line":506,"column":0},"end":{"line":506,"column":10}},"506":{"start":{"line":507,"column":0},"end":{"line":507,"column":8}},"507":{"start":{"line":508,"column":0},"end":{"line":508,"column":27}},"508":{"start":{"line":509,"column":0},"end":{"line":509,"column":8}},"509":{"start":{"line":510,"column":0},"end":{"line":510,"column":6}},"510":{"start":{"line":511,"column":0},"end":{"line":511,"column":4}},"511":{"start":{"line":512,"column":0},"end":{"line":512,"column":3}},"512":{"start":{"line":513,"column":0},"end":{"line":513,"column":16}},"513":{"start":{"line":514,"column":0},"end":{"line":514,"column":6}},"514":{"start":{"line":515,"column":0},"end":{"line":515,"column":17}},"515":{"start":{"line":516,"column":0},"end":{"line":516,"column":6}},"516":{"start":{"line":517,"column":0},"end":{"line":517,"column":12}},"517":{"start":{"line":518,"column":0},"end":{"line":518,"column":15}},"518":{"start":{"line":519,"column":0},"end":{"line":519,"column":30}},"519":{"start":{"line":520,"column":0},"end":{"line":520,"column":13}},"520":{"start":{"line":521,"column":0},"end":{"line":521,"column":18}},"521":{"start":{"line":522,"column":0},"end":{"line":522,"column":18}},"522":{"start":{"line":523,"column":0},"end":{"line":523,"column":19}},"523":{"start":{"line":524,"column":0},"end":{"line":524,"column":17}},"524":{"start":{"line":525,"column":0},"end":{"line":525,"column":9}},"525":{"start":{"line":526,"column":0},"end":{"line":526,"column":18}},"526":{"start":{"line":527,"column":0},"end":{"line":527,"column":18}},"527":{"start":{"line":528,"column":0},"end":{"line":528,"column":10}},"528":{"start":{"line":529,"column":0},"end":{"line":529,"column":9}},"529":{"start":{"line":530,"column":0},"end":{"line":530,"column":18}},"530":{"start":{"line":531,"column":0},"end":{"line":531,"column":18}},"531":{"start":{"line":532,"column":0},"end":{"line":532,"column":10}},"532":{"start":{"line":533,"column":0},"end":{"line":533,"column":9}},"533":{"start":{"line":534,"column":0},"end":{"line":534,"column":18}},"534":{"start":{"line":535,"column":0},"end":{"line":535,"column":18}},"535":{"start":{"line":536,"column":0},"end":{"line":536,"column":10}},"536":{"start":{"line":537,"column":0},"end":{"line":537,"column":9}},"537":{"start":{"line":538,"column":0},"end":{"line":538,"column":18}},"538":{"start":{"line":539,"column":0},"end":{"line":539,"column":18}},"539":{"start":{"line":540,"column":0},"end":{"line":540,"column":10}},"540":{"start":{"line":541,"column":0},"end":{"line":541,"column":8}},"541":{"start":{"line":542,"column":0},"end":{"line":542,"column":27}},"542":{"start":{"line":543,"column":0},"end":{"line":543,"column":8}},"543":{"start":{"line":544,"column":0},"end":{"line":544,"column":6}},"544":{"start":{"line":545,"column":0},"end":{"line":545,"column":4}},"545":{"start":{"line":546,"column":0},"end":{"line":546,"column":3}},"546":{"start":{"line":547,"column":0},"end":{"line":547,"column":16}},"547":{"start":{"line":548,"column":0},"end":{"line":548,"column":6}},"548":{"start":{"line":549,"column":0},"end":{"line":549,"column":17}},"549":{"start":{"line":550,"column":0},"end":{"line":550,"column":6}},"550":{"start":{"line":551,"column":0},"end":{"line":551,"column":12}},"551":{"start":{"line":552,"column":0},"end":{"line":552,"column":15}},"552":{"start":{"line":553,"column":0},"end":{"line":553,"column":24}},"553":{"start":{"line":554,"column":0},"end":{"line":554,"column":13}},"554":{"start":{"line":555,"column":0},"end":{"line":555,"column":18}},"555":{"start":{"line":556,"column":0},"end":{"line":556,"column":18}},"556":{"start":{"line":557,"column":0},"end":{"line":557,"column":19}},"557":{"start":{"line":558,"column":0},"end":{"line":558,"column":17}},"558":{"start":{"line":559,"column":0},"end":{"line":559,"column":9}},"559":{"start":{"line":560,"column":0},"end":{"line":560,"column":18}},"560":{"start":{"line":561,"column":0},"end":{"line":561,"column":18}},"561":{"start":{"line":562,"column":0},"end":{"line":562,"column":10}},"562":{"start":{"line":563,"column":0},"end":{"line":563,"column":9}},"563":{"start":{"line":564,"column":0},"end":{"line":564,"column":18}},"564":{"start":{"line":565,"column":0},"end":{"line":565,"column":18}},"565":{"start":{"line":566,"column":0},"end":{"line":566,"column":10}},"566":{"start":{"line":567,"column":0},"end":{"line":567,"column":9}},"567":{"start":{"line":568,"column":0},"end":{"line":568,"column":18}},"568":{"start":{"line":569,"column":0},"end":{"line":569,"column":18}},"569":{"start":{"line":570,"column":0},"end":{"line":570,"column":10}},"570":{"start":{"line":571,"column":0},"end":{"line":571,"column":9}},"571":{"start":{"line":572,"column":0},"end":{"line":572,"column":18}},"572":{"start":{"line":573,"column":0},"end":{"line":573,"column":18}},"573":{"start":{"line":574,"column":0},"end":{"line":574,"column":10}},"574":{"start":{"line":575,"column":0},"end":{"line":575,"column":8}},"575":{"start":{"line":576,"column":0},"end":{"line":576,"column":27}},"576":{"start":{"line":577,"column":0},"end":{"line":577,"column":8}},"577":{"start":{"line":578,"column":0},"end":{"line":578,"column":6}},"578":{"start":{"line":579,"column":0},"end":{"line":579,"column":4}},"579":{"start":{"line":580,"column":0},"end":{"line":580,"column":3}},"580":{"start":{"line":581,"column":0},"end":{"line":581,"column":16}},"581":{"start":{"line":582,"column":0},"end":{"line":582,"column":6}},"582":{"start":{"line":583,"column":0},"end":{"line":583,"column":17}},"583":{"start":{"line":584,"column":0},"end":{"line":584,"column":6}},"584":{"start":{"line":585,"column":0},"end":{"line":585,"column":12}},"585":{"start":{"line":586,"column":0},"end":{"line":586,"column":15}},"586":{"start":{"line":587,"column":0},"end":{"line":587,"column":21}},"587":{"start":{"line":588,"column":0},"end":{"line":588,"column":13}},"588":{"start":{"line":589,"column":0},"end":{"line":589,"column":18}},"589":{"start":{"line":590,"column":0},"end":{"line":590,"column":18}},"590":{"start":{"line":591,"column":0},"end":{"line":591,"column":19}},"591":{"start":{"line":592,"column":0},"end":{"line":592,"column":17}},"592":{"start":{"line":593,"column":0},"end":{"line":593,"column":9}},"593":{"start":{"line":594,"column":0},"end":{"line":594,"column":18}},"594":{"start":{"line":595,"column":0},"end":{"line":595,"column":18}},"595":{"start":{"line":596,"column":0},"end":{"line":596,"column":10}},"596":{"start":{"line":597,"column":0},"end":{"line":597,"column":9}},"597":{"start":{"line":598,"column":0},"end":{"line":598,"column":18}},"598":{"start":{"line":599,"column":0},"end":{"line":599,"column":18}},"599":{"start":{"line":600,"column":0},"end":{"line":600,"column":10}},"600":{"start":{"line":601,"column":0},"end":{"line":601,"column":9}},"601":{"start":{"line":602,"column":0},"end":{"line":602,"column":18}},"602":{"start":{"line":603,"column":0},"end":{"line":603,"column":18}},"603":{"start":{"line":604,"column":0},"end":{"line":604,"column":10}},"604":{"start":{"line":605,"column":0},"end":{"line":605,"column":9}},"605":{"start":{"line":606,"column":0},"end":{"line":606,"column":18}},"606":{"start":{"line":607,"column":0},"end":{"line":607,"column":18}},"607":{"start":{"line":608,"column":0},"end":{"line":608,"column":10}},"608":{"start":{"line":609,"column":0},"end":{"line":609,"column":8}},"609":{"start":{"line":610,"column":0},"end":{"line":610,"column":27}},"610":{"start":{"line":611,"column":0},"end":{"line":611,"column":8}},"611":{"start":{"line":612,"column":0},"end":{"line":612,"column":6}},"612":{"start":{"line":613,"column":0},"end":{"line":613,"column":4}},"613":{"start":{"line":614,"column":0},"end":{"line":614,"column":3}},"614":{"start":{"line":615,"column":0},"end":{"line":615,"column":16}},"615":{"start":{"line":616,"column":0},"end":{"line":616,"column":6}},"616":{"start":{"line":617,"column":0},"end":{"line":617,"column":17}},"617":{"start":{"line":618,"column":0},"end":{"line":618,"column":6}},"618":{"start":{"line":619,"column":0},"end":{"line":619,"column":12}},"619":{"start":{"line":620,"column":0},"end":{"line":620,"column":15}},"620":{"start":{"line":621,"column":0},"end":{"line":621,"column":23}},"621":{"start":{"line":622,"column":0},"end":{"line":622,"column":13}},"622":{"start":{"line":623,"column":0},"end":{"line":623,"column":18}},"623":{"start":{"line":624,"column":0},"end":{"line":624,"column":18}},"624":{"start":{"line":625,"column":0},"end":{"line":625,"column":19}},"625":{"start":{"line":626,"column":0},"end":{"line":626,"column":17}},"626":{"start":{"line":627,"column":0},"end":{"line":627,"column":9}},"627":{"start":{"line":628,"column":0},"end":{"line":628,"column":18}},"628":{"start":{"line":629,"column":0},"end":{"line":629,"column":18}},"629":{"start":{"line":630,"column":0},"end":{"line":630,"column":10}},"630":{"start":{"line":631,"column":0},"end":{"line":631,"column":9}},"631":{"start":{"line":632,"column":0},"end":{"line":632,"column":18}},"632":{"start":{"line":633,"column":0},"end":{"line":633,"column":18}},"633":{"start":{"line":634,"column":0},"end":{"line":634,"column":10}},"634":{"start":{"line":635,"column":0},"end":{"line":635,"column":9}},"635":{"start":{"line":636,"column":0},"end":{"line":636,"column":18}},"636":{"start":{"line":637,"column":0},"end":{"line":637,"column":18}},"637":{"start":{"line":638,"column":0},"end":{"line":638,"column":10}},"638":{"start":{"line":639,"column":0},"end":{"line":639,"column":9}},"639":{"start":{"line":640,"column":0},"end":{"line":640,"column":18}},"640":{"start":{"line":641,"column":0},"end":{"line":641,"column":18}},"641":{"start":{"line":642,"column":0},"end":{"line":642,"column":10}},"642":{"start":{"line":643,"column":0},"end":{"line":643,"column":8}},"643":{"start":{"line":644,"column":0},"end":{"line":644,"column":27}},"644":{"start":{"line":645,"column":0},"end":{"line":645,"column":8}},"645":{"start":{"line":646,"column":0},"end":{"line":646,"column":6}},"646":{"start":{"line":647,"column":0},"end":{"line":647,"column":4}},"647":{"start":{"line":648,"column":0},"end":{"line":648,"column":3}},"648":{"start":{"line":649,"column":0},"end":{"line":649,"column":16}},"649":{"start":{"line":650,"column":0},"end":{"line":650,"column":6}},"650":{"start":{"line":651,"column":0},"end":{"line":651,"column":17}},"651":{"start":{"line":652,"column":0},"end":{"line":652,"column":6}},"652":{"start":{"line":653,"column":0},"end":{"line":653,"column":12}},"653":{"start":{"line":654,"column":0},"end":{"line":654,"column":15}},"654":{"start":{"line":655,"column":0},"end":{"line":655,"column":22}},"655":{"start":{"line":656,"column":0},"end":{"line":656,"column":13}},"656":{"start":{"line":657,"column":0},"end":{"line":657,"column":18}},"657":{"start":{"line":658,"column":0},"end":{"line":658,"column":18}},"658":{"start":{"line":659,"column":0},"end":{"line":659,"column":19}},"659":{"start":{"line":660,"column":0},"end":{"line":660,"column":17}},"660":{"start":{"line":661,"column":0},"end":{"line":661,"column":9}},"661":{"start":{"line":662,"column":0},"end":{"line":662,"column":18}},"662":{"start":{"line":663,"column":0},"end":{"line":663,"column":18}},"663":{"start":{"line":664,"column":0},"end":{"line":664,"column":10}},"664":{"start":{"line":665,"column":0},"end":{"line":665,"column":9}},"665":{"start":{"line":666,"column":0},"end":{"line":666,"column":18}},"666":{"start":{"line":667,"column":0},"end":{"line":667,"column":18}},"667":{"start":{"line":668,"column":0},"end":{"line":668,"column":10}},"668":{"start":{"line":669,"column":0},"end":{"line":669,"column":9}},"669":{"start":{"line":670,"column":0},"end":{"line":670,"column":18}},"670":{"start":{"line":671,"column":0},"end":{"line":671,"column":18}},"671":{"start":{"line":672,"column":0},"end":{"line":672,"column":10}},"672":{"start":{"line":673,"column":0},"end":{"line":673,"column":9}},"673":{"start":{"line":674,"column":0},"end":{"line":674,"column":18}},"674":{"start":{"line":675,"column":0},"end":{"line":675,"column":18}},"675":{"start":{"line":676,"column":0},"end":{"line":676,"column":10}},"676":{"start":{"line":677,"column":0},"end":{"line":677,"column":8}},"677":{"start":{"line":678,"column":0},"end":{"line":678,"column":27}},"678":{"start":{"line":679,"column":0},"end":{"line":679,"column":8}},"679":{"start":{"line":680,"column":0},"end":{"line":680,"column":6}},"680":{"start":{"line":681,"column":0},"end":{"line":681,"column":4}},"681":{"start":{"line":682,"column":0},"end":{"line":682,"column":3}},"682":{"start":{"line":683,"column":0},"end":{"line":683,"column":16}},"683":{"start":{"line":684,"column":0},"end":{"line":684,"column":6}},"684":{"start":{"line":685,"column":0},"end":{"line":685,"column":17}},"685":{"start":{"line":686,"column":0},"end":{"line":686,"column":6}},"686":{"start":{"line":687,"column":0},"end":{"line":687,"column":12}},"687":{"start":{"line":688,"column":0},"end":{"line":688,"column":15}},"688":{"start":{"line":689,"column":0},"end":{"line":689,"column":28}},"689":{"start":{"line":690,"column":0},"end":{"line":690,"column":13}},"690":{"start":{"line":691,"column":0},"end":{"line":691,"column":18}},"691":{"start":{"line":692,"column":0},"end":{"line":692,"column":18}},"692":{"start":{"line":693,"column":0},"end":{"line":693,"column":19}},"693":{"start":{"line":694,"column":0},"end":{"line":694,"column":17}},"694":{"start":{"line":695,"column":0},"end":{"line":695,"column":9}},"695":{"start":{"line":696,"column":0},"end":{"line":696,"column":18}},"696":{"start":{"line":697,"column":0},"end":{"line":697,"column":18}},"697":{"start":{"line":698,"column":0},"end":{"line":698,"column":10}},"698":{"start":{"line":699,"column":0},"end":{"line":699,"column":9}},"699":{"start":{"line":700,"column":0},"end":{"line":700,"column":18}},"700":{"start":{"line":701,"column":0},"end":{"line":701,"column":18}},"701":{"start":{"line":702,"column":0},"end":{"line":702,"column":10}},"702":{"start":{"line":703,"column":0},"end":{"line":703,"column":9}},"703":{"start":{"line":704,"column":0},"end":{"line":704,"column":18}},"704":{"start":{"line":705,"column":0},"end":{"line":705,"column":18}},"705":{"start":{"line":706,"column":0},"end":{"line":706,"column":10}},"706":{"start":{"line":707,"column":0},"end":{"line":707,"column":9}},"707":{"start":{"line":708,"column":0},"end":{"line":708,"column":18}},"708":{"start":{"line":709,"column":0},"end":{"line":709,"column":18}},"709":{"start":{"line":710,"column":0},"end":{"line":710,"column":10}},"710":{"start":{"line":711,"column":0},"end":{"line":711,"column":8}},"711":{"start":{"line":712,"column":0},"end":{"line":712,"column":27}},"712":{"start":{"line":713,"column":0},"end":{"line":713,"column":8}},"713":{"start":{"line":714,"column":0},"end":{"line":714,"column":6}},"714":{"start":{"line":715,"column":0},"end":{"line":715,"column":4}},"715":{"start":{"line":716,"column":0},"end":{"line":716,"column":3}},"716":{"start":{"line":717,"column":0},"end":{"line":717,"column":16}},"717":{"start":{"line":718,"column":0},"end":{"line":718,"column":6}},"718":{"start":{"line":719,"column":0},"end":{"line":719,"column":17}},"719":{"start":{"line":720,"column":0},"end":{"line":720,"column":6}},"720":{"start":{"line":721,"column":0},"end":{"line":721,"column":12}},"721":{"start":{"line":722,"column":0},"end":{"line":722,"column":15}},"722":{"start":{"line":723,"column":0},"end":{"line":723,"column":21}},"723":{"start":{"line":724,"column":0},"end":{"line":724,"column":13}},"724":{"start":{"line":725,"column":0},"end":{"line":725,"column":18}},"725":{"start":{"line":726,"column":0},"end":{"line":726,"column":18}},"726":{"start":{"line":727,"column":0},"end":{"line":727,"column":19}},"727":{"start":{"line":728,"column":0},"end":{"line":728,"column":17}},"728":{"start":{"line":729,"column":0},"end":{"line":729,"column":9}},"729":{"start":{"line":730,"column":0},"end":{"line":730,"column":17}},"730":{"start":{"line":731,"column":0},"end":{"line":731,"column":18}},"731":{"start":{"line":732,"column":0},"end":{"line":732,"column":10}},"732":{"start":{"line":733,"column":0},"end":{"line":733,"column":9}},"733":{"start":{"line":734,"column":0},"end":{"line":734,"column":17}},"734":{"start":{"line":735,"column":0},"end":{"line":735,"column":18}},"735":{"start":{"line":736,"column":0},"end":{"line":736,"column":10}},"736":{"start":{"line":737,"column":0},"end":{"line":737,"column":9}},"737":{"start":{"line":738,"column":0},"end":{"line":738,"column":17}},"738":{"start":{"line":739,"column":0},"end":{"line":739,"column":18}},"739":{"start":{"line":740,"column":0},"end":{"line":740,"column":10}},"740":{"start":{"line":741,"column":0},"end":{"line":741,"column":9}},"741":{"start":{"line":742,"column":0},"end":{"line":742,"column":17}},"742":{"start":{"line":743,"column":0},"end":{"line":743,"column":18}},"743":{"start":{"line":744,"column":0},"end":{"line":744,"column":10}},"744":{"start":{"line":745,"column":0},"end":{"line":745,"column":8}},"745":{"start":{"line":746,"column":0},"end":{"line":746,"column":27}},"746":{"start":{"line":747,"column":0},"end":{"line":747,"column":8}},"747":{"start":{"line":748,"column":0},"end":{"line":748,"column":6}},"748":{"start":{"line":749,"column":0},"end":{"line":749,"column":4}},"749":{"start":{"line":750,"column":0},"end":{"line":750,"column":3}},"750":{"start":{"line":751,"column":0},"end":{"line":751,"column":16}},"751":{"start":{"line":752,"column":0},"end":{"line":752,"column":6}},"752":{"start":{"line":753,"column":0},"end":{"line":753,"column":17}},"753":{"start":{"line":754,"column":0},"end":{"line":754,"column":6}},"754":{"start":{"line":755,"column":0},"end":{"line":755,"column":12}},"755":{"start":{"line":756,"column":0},"end":{"line":756,"column":15}},"756":{"start":{"line":757,"column":0},"end":{"line":757,"column":23}},"757":{"start":{"line":758,"column":0},"end":{"line":758,"column":13}},"758":{"start":{"line":759,"column":0},"end":{"line":759,"column":18}},"759":{"start":{"line":760,"column":0},"end":{"line":760,"column":18}},"760":{"start":{"line":761,"column":0},"end":{"line":761,"column":19}},"761":{"start":{"line":762,"column":0},"end":{"line":762,"column":17}},"762":{"start":{"line":763,"column":0},"end":{"line":763,"column":9}},"763":{"start":{"line":764,"column":0},"end":{"line":764,"column":17}},"764":{"start":{"line":765,"column":0},"end":{"line":765,"column":18}},"765":{"start":{"line":766,"column":0},"end":{"line":766,"column":10}},"766":{"start":{"line":767,"column":0},"end":{"line":767,"column":9}},"767":{"start":{"line":768,"column":0},"end":{"line":768,"column":17}},"768":{"start":{"line":769,"column":0},"end":{"line":769,"column":18}},"769":{"start":{"line":770,"column":0},"end":{"line":770,"column":10}},"770":{"start":{"line":771,"column":0},"end":{"line":771,"column":9}},"771":{"start":{"line":772,"column":0},"end":{"line":772,"column":17}},"772":{"start":{"line":773,"column":0},"end":{"line":773,"column":18}},"773":{"start":{"line":774,"column":0},"end":{"line":774,"column":10}},"774":{"start":{"line":775,"column":0},"end":{"line":775,"column":9}},"775":{"start":{"line":776,"column":0},"end":{"line":776,"column":17}},"776":{"start":{"line":777,"column":0},"end":{"line":777,"column":18}},"777":{"start":{"line":778,"column":0},"end":{"line":778,"column":10}},"778":{"start":{"line":779,"column":0},"end":{"line":779,"column":8}},"779":{"start":{"line":780,"column":0},"end":{"line":780,"column":27}},"780":{"start":{"line":781,"column":0},"end":{"line":781,"column":8}},"781":{"start":{"line":782,"column":0},"end":{"line":782,"column":6}},"782":{"start":{"line":783,"column":0},"end":{"line":783,"column":4}},"783":{"start":{"line":784,"column":0},"end":{"line":784,"column":3}},"784":{"start":{"line":785,"column":0},"end":{"line":785,"column":16}},"785":{"start":{"line":786,"column":0},"end":{"line":786,"column":6}},"786":{"start":{"line":787,"column":0},"end":{"line":787,"column":17}},"787":{"start":{"line":788,"column":0},"end":{"line":788,"column":6}},"788":{"start":{"line":789,"column":0},"end":{"line":789,"column":12}},"789":{"start":{"line":790,"column":0},"end":{"line":790,"column":15}},"790":{"start":{"line":791,"column":0},"end":{"line":791,"column":26}},"791":{"start":{"line":792,"column":0},"end":{"line":792,"column":13}},"792":{"start":{"line":793,"column":0},"end":{"line":793,"column":18}},"793":{"start":{"line":794,"column":0},"end":{"line":794,"column":18}},"794":{"start":{"line":795,"column":0},"end":{"line":795,"column":19}},"795":{"start":{"line":796,"column":0},"end":{"line":796,"column":17}},"796":{"start":{"line":797,"column":0},"end":{"line":797,"column":9}},"797":{"start":{"line":798,"column":0},"end":{"line":798,"column":17}},"798":{"start":{"line":799,"column":0},"end":{"line":799,"column":18}},"799":{"start":{"line":800,"column":0},"end":{"line":800,"column":10}},"800":{"start":{"line":801,"column":0},"end":{"line":801,"column":9}},"801":{"start":{"line":802,"column":0},"end":{"line":802,"column":18}},"802":{"start":{"line":803,"column":0},"end":{"line":803,"column":18}},"803":{"start":{"line":804,"column":0},"end":{"line":804,"column":10}},"804":{"start":{"line":805,"column":0},"end":{"line":805,"column":9}},"805":{"start":{"line":806,"column":0},"end":{"line":806,"column":18}},"806":{"start":{"line":807,"column":0},"end":{"line":807,"column":18}},"807":{"start":{"line":808,"column":0},"end":{"line":808,"column":10}},"808":{"start":{"line":809,"column":0},"end":{"line":809,"column":9}},"809":{"start":{"line":810,"column":0},"end":{"line":810,"column":17}},"810":{"start":{"line":811,"column":0},"end":{"line":811,"column":18}},"811":{"start":{"line":812,"column":0},"end":{"line":812,"column":10}},"812":{"start":{"line":813,"column":0},"end":{"line":813,"column":8}},"813":{"start":{"line":814,"column":0},"end":{"line":814,"column":27}},"814":{"start":{"line":815,"column":0},"end":{"line":815,"column":8}},"815":{"start":{"line":816,"column":0},"end":{"line":816,"column":6}},"816":{"start":{"line":817,"column":0},"end":{"line":817,"column":4}},"817":{"start":{"line":818,"column":0},"end":{"line":818,"column":3}},"818":{"start":{"line":819,"column":0},"end":{"line":819,"column":16}},"819":{"start":{"line":820,"column":0},"end":{"line":820,"column":6}},"820":{"start":{"line":821,"column":0},"end":{"line":821,"column":17}},"821":{"start":{"line":822,"column":0},"end":{"line":822,"column":6}},"822":{"start":{"line":823,"column":0},"end":{"line":823,"column":12}},"823":{"start":{"line":824,"column":0},"end":{"line":824,"column":15}},"824":{"start":{"line":825,"column":0},"end":{"line":825,"column":22}},"825":{"start":{"line":826,"column":0},"end":{"line":826,"column":13}},"826":{"start":{"line":827,"column":0},"end":{"line":827,"column":18}},"827":{"start":{"line":828,"column":0},"end":{"line":828,"column":18}},"828":{"start":{"line":829,"column":0},"end":{"line":829,"column":19}},"829":{"start":{"line":830,"column":0},"end":{"line":830,"column":17}},"830":{"start":{"line":831,"column":0},"end":{"line":831,"column":9}},"831":{"start":{"line":832,"column":0},"end":{"line":832,"column":18}},"832":{"start":{"line":833,"column":0},"end":{"line":833,"column":18}},"833":{"start":{"line":834,"column":0},"end":{"line":834,"column":10}},"834":{"start":{"line":835,"column":0},"end":{"line":835,"column":9}},"835":{"start":{"line":836,"column":0},"end":{"line":836,"column":18}},"836":{"start":{"line":837,"column":0},"end":{"line":837,"column":18}},"837":{"start":{"line":838,"column":0},"end":{"line":838,"column":10}},"838":{"start":{"line":839,"column":0},"end":{"line":839,"column":9}},"839":{"start":{"line":840,"column":0},"end":{"line":840,"column":18}},"840":{"start":{"line":841,"column":0},"end":{"line":841,"column":18}},"841":{"start":{"line":842,"column":0},"end":{"line":842,"column":10}},"842":{"start":{"line":843,"column":0},"end":{"line":843,"column":9}},"843":{"start":{"line":844,"column":0},"end":{"line":844,"column":18}},"844":{"start":{"line":845,"column":0},"end":{"line":845,"column":18}},"845":{"start":{"line":846,"column":0},"end":{"line":846,"column":10}},"846":{"start":{"line":847,"column":0},"end":{"line":847,"column":8}},"847":{"start":{"line":848,"column":0},"end":{"line":848,"column":27}},"848":{"start":{"line":849,"column":0},"end":{"line":849,"column":8}},"849":{"start":{"line":850,"column":0},"end":{"line":850,"column":6}},"850":{"start":{"line":851,"column":0},"end":{"line":851,"column":4}},"851":{"start":{"line":852,"column":0},"end":{"line":852,"column":3}},"852":{"start":{"line":853,"column":0},"end":{"line":853,"column":16}},"853":{"start":{"line":854,"column":0},"end":{"line":854,"column":6}},"854":{"start":{"line":855,"column":0},"end":{"line":855,"column":17}},"855":{"start":{"line":856,"column":0},"end":{"line":856,"column":6}},"856":{"start":{"line":857,"column":0},"end":{"line":857,"column":12}},"857":{"start":{"line":858,"column":0},"end":{"line":858,"column":15}},"858":{"start":{"line":859,"column":0},"end":{"line":859,"column":26}},"859":{"start":{"line":860,"column":0},"end":{"line":860,"column":13}},"860":{"start":{"line":861,"column":0},"end":{"line":861,"column":18}},"861":{"start":{"line":862,"column":0},"end":{"line":862,"column":18}},"862":{"start":{"line":863,"column":0},"end":{"line":863,"column":19}},"863":{"start":{"line":864,"column":0},"end":{"line":864,"column":17}},"864":{"start":{"line":865,"column":0},"end":{"line":865,"column":9}},"865":{"start":{"line":866,"column":0},"end":{"line":866,"column":18}},"866":{"start":{"line":867,"column":0},"end":{"line":867,"column":18}},"867":{"start":{"line":868,"column":0},"end":{"line":868,"column":10}},"868":{"start":{"line":869,"column":0},"end":{"line":869,"column":9}},"869":{"start":{"line":870,"column":0},"end":{"line":870,"column":18}},"870":{"start":{"line":871,"column":0},"end":{"line":871,"column":18}},"871":{"start":{"line":872,"column":0},"end":{"line":872,"column":10}},"872":{"start":{"line":873,"column":0},"end":{"line":873,"column":9}},"873":{"start":{"line":874,"column":0},"end":{"line":874,"column":18}},"874":{"start":{"line":875,"column":0},"end":{"line":875,"column":18}},"875":{"start":{"line":876,"column":0},"end":{"line":876,"column":10}},"876":{"start":{"line":877,"column":0},"end":{"line":877,"column":9}},"877":{"start":{"line":878,"column":0},"end":{"line":878,"column":18}},"878":{"start":{"line":879,"column":0},"end":{"line":879,"column":18}},"879":{"start":{"line":880,"column":0},"end":{"line":880,"column":10}},"880":{"start":{"line":881,"column":0},"end":{"line":881,"column":8}},"881":{"start":{"line":882,"column":0},"end":{"line":882,"column":27}},"882":{"start":{"line":883,"column":0},"end":{"line":883,"column":8}},"883":{"start":{"line":884,"column":0},"end":{"line":884,"column":6}},"884":{"start":{"line":885,"column":0},"end":{"line":885,"column":4}},"885":{"start":{"line":886,"column":0},"end":{"line":886,"column":3}},"886":{"start":{"line":887,"column":0},"end":{"line":887,"column":16}},"887":{"start":{"line":888,"column":0},"end":{"line":888,"column":6}},"888":{"start":{"line":889,"column":0},"end":{"line":889,"column":17}},"889":{"start":{"line":890,"column":0},"end":{"line":890,"column":6}},"890":{"start":{"line":891,"column":0},"end":{"line":891,"column":12}},"891":{"start":{"line":892,"column":0},"end":{"line":892,"column":15}},"892":{"start":{"line":893,"column":0},"end":{"line":893,"column":21}},"893":{"start":{"line":894,"column":0},"end":{"line":894,"column":13}},"894":{"start":{"line":895,"column":0},"end":{"line":895,"column":18}},"895":{"start":{"line":896,"column":0},"end":{"line":896,"column":18}},"896":{"start":{"line":897,"column":0},"end":{"line":897,"column":19}},"897":{"start":{"line":898,"column":0},"end":{"line":898,"column":17}},"898":{"start":{"line":899,"column":0},"end":{"line":899,"column":9}},"899":{"start":{"line":900,"column":0},"end":{"line":900,"column":18}},"900":{"start":{"line":901,"column":0},"end":{"line":901,"column":18}},"901":{"start":{"line":902,"column":0},"end":{"line":902,"column":10}},"902":{"start":{"line":903,"column":0},"end":{"line":903,"column":9}},"903":{"start":{"line":904,"column":0},"end":{"line":904,"column":18}},"904":{"start":{"line":905,"column":0},"end":{"line":905,"column":18}},"905":{"start":{"line":906,"column":0},"end":{"line":906,"column":10}},"906":{"start":{"line":907,"column":0},"end":{"line":907,"column":9}},"907":{"start":{"line":908,"column":0},"end":{"line":908,"column":18}},"908":{"start":{"line":909,"column":0},"end":{"line":909,"column":18}},"909":{"start":{"line":910,"column":0},"end":{"line":910,"column":10}},"910":{"start":{"line":911,"column":0},"end":{"line":911,"column":9}},"911":{"start":{"line":912,"column":0},"end":{"line":912,"column":18}},"912":{"start":{"line":913,"column":0},"end":{"line":913,"column":18}},"913":{"start":{"line":914,"column":0},"end":{"line":914,"column":10}},"914":{"start":{"line":915,"column":0},"end":{"line":915,"column":8}},"915":{"start":{"line":916,"column":0},"end":{"line":916,"column":27}},"916":{"start":{"line":917,"column":0},"end":{"line":917,"column":8}},"917":{"start":{"line":918,"column":0},"end":{"line":918,"column":6}},"918":{"start":{"line":919,"column":0},"end":{"line":919,"column":4}},"919":{"start":{"line":920,"column":0},"end":{"line":920,"column":3}},"920":{"start":{"line":921,"column":0},"end":{"line":921,"column":16}},"921":{"start":{"line":922,"column":0},"end":{"line":922,"column":6}},"922":{"start":{"line":923,"column":0},"end":{"line":923,"column":17}},"923":{"start":{"line":924,"column":0},"end":{"line":924,"column":6}},"924":{"start":{"line":925,"column":0},"end":{"line":925,"column":12}},"925":{"start":{"line":926,"column":0},"end":{"line":926,"column":15}},"926":{"start":{"line":927,"column":0},"end":{"line":927,"column":22}},"927":{"start":{"line":928,"column":0},"end":{"line":928,"column":13}},"928":{"start":{"line":929,"column":0},"end":{"line":929,"column":18}},"929":{"start":{"line":930,"column":0},"end":{"line":930,"column":18}},"930":{"start":{"line":931,"column":0},"end":{"line":931,"column":19}},"931":{"start":{"line":932,"column":0},"end":{"line":932,"column":17}},"932":{"start":{"line":933,"column":0},"end":{"line":933,"column":9}},"933":{"start":{"line":934,"column":0},"end":{"line":934,"column":18}},"934":{"start":{"line":935,"column":0},"end":{"line":935,"column":18}},"935":{"start":{"line":936,"column":0},"end":{"line":936,"column":10}},"936":{"start":{"line":937,"column":0},"end":{"line":937,"column":9}},"937":{"start":{"line":938,"column":0},"end":{"line":938,"column":18}},"938":{"start":{"line":939,"column":0},"end":{"line":939,"column":18}},"939":{"start":{"line":940,"column":0},"end":{"line":940,"column":10}},"940":{"start":{"line":941,"column":0},"end":{"line":941,"column":9}},"941":{"start":{"line":942,"column":0},"end":{"line":942,"column":18}},"942":{"start":{"line":943,"column":0},"end":{"line":943,"column":18}},"943":{"start":{"line":944,"column":0},"end":{"line":944,"column":10}},"944":{"start":{"line":945,"column":0},"end":{"line":945,"column":9}},"945":{"start":{"line":946,"column":0},"end":{"line":946,"column":18}},"946":{"start":{"line":947,"column":0},"end":{"line":947,"column":18}},"947":{"start":{"line":948,"column":0},"end":{"line":948,"column":10}},"948":{"start":{"line":949,"column":0},"end":{"line":949,"column":8}},"949":{"start":{"line":950,"column":0},"end":{"line":950,"column":27}},"950":{"start":{"line":951,"column":0},"end":{"line":951,"column":8}},"951":{"start":{"line":952,"column":0},"end":{"line":952,"column":6}},"952":{"start":{"line":953,"column":0},"end":{"line":9
[...]
1,"2849":1,"2850":1,"2851":1,"2852":1,"2853":1,"2854":1,"2855":1,"2856":1,"2857":1,"2858":1,"2859":1,"2860":1,"2861":1,"2862":1,"2863":1,"2864":1,"2865":1,"2866":1,"2867":1,"2868":1,"2869":1,"2870":1,"2871":1,"2872":1,"2873":1,"2874":1,"2875":1,"2876":1,"2877":1,"2878":1,"2879":1,"2880":1,"2881":1,"2882":1,"2883":1,"2884":1,"2885":1,"2886":1,"2887":1,"2888":1,"2889":1,"2890":1,"2891":1,"2892":1,"2893":1,"2894":1,"2895":1,"2896":1,"2897":1,"2898":1,"2899":1,"2900":1,"2901":1,"2902":1,"2903":1,"2904":1,"2905":1,"2906":1,"2907":1,"2908":1,"2909":1,"2910":1,"2911":1,"2912":1,"2913":1,"2914":1,"2915":1,"2916":1,"2917":1,"2918":1,"2919":1,"2920":1,"2921":1,"2922":1,"2923":1,"2924":1,"2925":1,"2926":1,"2927":1,"2928":1,"2929":1,"2930":1,"2931":1,"2932":1,"2933":1,"2934":1,"2935":1,"2936":1,"2937":1,"2938":1,"2939":1,"2940":1,"2941":1,"2942":1,"2943":1,"2944":1,"2945":1,"2946":1,"2947":1,"2948":1,"2949":1,"2950":1,"2951":1,"2952":1,"2953":1,"2954":1,"2955":1,"2956":1,"2957":1,"2958":1,"2959":1,"2960":1,"2961":1,"2962":1,"2963":1,"2964":1,"2965":1,"2966":1,"2967":1,"2968":1,"2969":1,"2970":1,"2971":1,"2972":1,"2973":1,"2974":1,"2975":1,"2976":1,"2977":1,"2978":1,"2979":1,"2980":1,"2981":1,"2982":1,"2983":1,"2984":1,"2985":1,"2986":1,"2987":1,"2988":1,"2989":1,"2990":1,"2991":1,"2992":1,"2993":1,"2994":1,"2995":1,"2996":1,"2997":1,"2998":1,"2999":1,"3000":1,"3001":1,"3002":1,"3003":1,"3004":1,"3005":1,"3006":1,"3007":1,"3008":1,"3009":1,"3010":1,"3011":1,"3012":1,"3013":1,"3014":1,"3015":1,"3016":1,"3017":1,"3018":1,"3019":1,"3020":1,"3021":1,"3022":1,"3023":1,"3024":1,"3025":1,"3026":1,"3027":1,"3028":1,"3029":1,"3030":1,"3031":1,"3032":1,"3033":1,"3034":1,"3035":1,"3036":1,"3037":1,"3038":1,"3039":1,"3040":1,"3041":1,"3042":1,"3043":1,"3044":1,"3045":1,"3046":1,"3047":1,"3048":1,"3049":1,"3050":1,"3051":1,"3052":1,"3053":1,"3054":1,"3055":1,"3056":1,"3057":1,"3058":1,"3059":1,"3060":1,"3061":1,"3062":1,"3063":1,"3064":1,"3065":1,"3066":1,"3067":1,"3068":1,"3069":1,"3070":1,"3071":1,"3072":1,"3073":1,"3074":1,"3075":1,"3076":1,"3077":1,"3078":1,"3079":1,"3080":1,"3081":1,"3082":1,"3083":1,"3084":1,"3085":1,"3086":1,"3087":1,"3088":1,"3089":1,"3090":1,"3091":1,"3092":1,"3093":1,"3094":1,"3095":1,"3096":1,"3097":1,"3098":1,"3099":1,"3100":1,"3101":1,"3102":1,"3103":1,"3104":1,"3105":1,"3106":1,"3107":1,"3108":1,"3109":1,"3110":1,"3111":1,"3112":1,"3113":1,"3114":1,"3115":1,"3116":1,"3117":1,"3118":1,"3119":1,"3120":1,"3121":1,"3122":1,"3123":1,"3124":1,"3125":1,"3126":1,"3127":1,"3128":1,"3129":1,"3130":1,"3131":1,"3132":1,"3133":1,"3134":1,"3135":1,"3136":1,"3137":1,"3138":1,"3139":1,"3140":1,"3141":1,"3142":1,"3143":1,"3144":1,"3145":1,"3146":1,"3147":1,"3148":1,"3149":1,"3150":1,"3151":1,"3152":1,"3153":1,"3154":1,"3155":1,"3156":1,"3157":1,"3158":1,"3159":1,"3160":1,"3161":1,"3162":1,"3163":1,"3164":1,"3165":1,"3166":1,"3167":1,"3168":1,"3169":1,"3170":1,"3171":1,"3172":1,"3173":1,"3174":1,"3175":1,"3176":1,"3177":1,"3178":1,"3179":1,"3180":1,"3181":1,"3182":1,"3183":1,"3184":1,"3185":1,"3186":1,"3187":1,"3188":1,"3189":1,"3190":1,"3191":1,"3192":1,"3193":1,"3194":1,"3195":1,"3196":1,"3197":1,"3198":1,"3199":1,"3200":1,"3201":1,"3202":1,"3203":1,"3204":1,"3205":1,"3206":1,"3207":1,"3208":1,"3209":1,"3210":1,"3211":1,"3212":1,"3213":1,"3214":1,"3215":1,"3216":1,"3217":1,"3218":1,"3219":1,"3220":1,"3221":1,"3222":1,"3223":1,"3224":1,"3225":1,"3226":1,"3227":1,"3228":1,"3229":1,"3230":1,"3231":1,"3232":1,"3233":1,"3234":1,"3235":1,"3236":1,"3237":1,"3238":1,"3239":1,"3240":1,"3241":1,"3242":1,"3243":1,"3244":1,"3245":1,"3246":1,"3247":1,"3248":1,"3249":1,"3250":1,"3251":1,"3252":1,"3253":1,"3254":1,"3255":1,"3256":1,"3257":1,"3258":1,"3259":1,"3260":1,"3261":1,"3262":1,"3263":1,"3264":1,"3265":1,"3266":1,"3267":1,"3268":1,"3269":1,"3270":1,"3271":1,"3272":1,"3273":1,"3274":1,"3275":1,"3276":1,"3277":1,"3278":1,"3279":1,"3280":1,"3281":1,"3282":1,"3283":1,"3284":1,"3285":1,"3286":1,"3287":1,"3288":1,"3289":1,"3290":1,"3291":1,"3292":1,"3293":1,"3294":1,"3295":1,"3296":1,"3297":1,"3298":1,"3299":1,"3300":1,"3301":1,"3302":1,"3303":1,"3304":1,"3305":1,"3306":1,"3307":1,"3308":1,"3309":1,"3310":1,"3311":1,"3312":1,"3313":1,"3314":1,"3315":1,"3316":1,"3317":1,"3318":1,"3319":1,"3320":1,"3321":1,"3322":1,"3323":1,"3324":1,"3325":1,"3326":1,"3327":1,"3328":1,"3329":1,"3330":1,"3331":1,"3332":1,"3333":1,"3334":1,"3335":1,"3336":1,"3337":1,"3338":1,"3339":1,"3340":1,"3341":1,"3342":1,"3343":1,"3344":1,"3345":1,"3346":1,"3347":1,"3348":1,"3349":1,"3350":1,"3351":1,"3352":1,"3353":1,"3354":1,"3355":1,"3356":1,"3357":1,"3358":1,"3359":1,"3360":1,"3361":1,"3362":1,"3363":1,"3364":1,"3365":1,"3366":1,"3367":1,"3368":1,"3369":1,"3370":1,"3371":1,"3372":1,"3373":1,"3374":1,"3375":1,"3376":1,"3377":1,"3378":1,"3379":1,"3380":1,"3381":1,"3382":1,"3383":1,"3384":1,"3385":1,"3386":1,"3387":1,"3388":1,"3389":1,"3390":1,"3391":1,"3392":1,"3393":1,"3394":1,"3395":1,"3396":1,"3397":1,"3398":1,"3399":1,"3400":1,"3401":1,"3402":1,"3403":1,"3404":1,"3405":1,"3406":1,"3407":1,"3408":1,"3409":1,"3410":1,"3411":1,"3412":1,"3413":1,"3414":1,"3415":1,"3416":1,"3417":1,"3418":1,"3419":1,"3420":1,"3421":1,"3422":1,"3423":1,"3424":1,"3425":1,"3426":1,"3427":1,"3428":1,"3429":1,"3430":1,"3431":1,"3432":1,"3433":1,"3434":1,"3435":1,"3436":1,"3437":1,"3438":1,"3439":1,"3440":1,"3441":1,"3442":1,"3443":1,"3444":1,"3445":1,"3446":1,"3447":1,"3448":1,"3449":1,"3450":1,"3451":1,"3452":1,"3453":1,"3454":1,"3455":1,"3456":1,"3457":1,"3458":1,"3459":1,"3460":1,"3461":1,"3462":1,"3463":1,"3464":1,"3465":1,"3466":1,"3467":1,"3468":1,"3469":1,"3470":1,"3471":1,"3472":1,"3473":1,"3474":1,"3475":1,"3476":1,"3477":1,"3478":1,"3479":1,"3480":1,"3481":1,"3482":1,"3483":1,"3484":1,"3485":1,"3486":1,"3487":1,"3488":1,"3489":1,"3490":1,"3491":1,"3492":1,"3493":1,"3494":1,"3495":1,"3496":1,"3497":1,"3498":1,"3499":1,"3500":1,"3501":1,"3502":1,"3503":1,"3504":1,"3505":1,"3506":1,"3507":1,"3508":1,"3509":1,"3510":1,"3511":1,"3512":1,"3513":1,"3514":1,"3515":1,"3516":1,"3517":1,"3518":1,"3519":1,"3520":1,"3521":1,"3522":1,"3523":1,"3524":1,"3525":1,"3526":1,"3527":1,"3528":1,"3529":1,"3530":1,"3531":1,"3532":1,"3533":1,"3534":1,"3535":1,"3536":1,"3537":1,"3538":1,"3539":1,"3540":1,"3541":1,"3542":1,"3543":1,"3544":1,"3545":1,"3546":1,"3547":1,"3548":1,"3549":1,"3550":1,"3551":1,"3552":1,"3553":1,"3554":1,"3555":1,"3556":1,"3557":1,"3558":1,"3559":1,"3560":1,"3561":1,"3562":1,"3563":1,"3564":1,"3565":1,"3566":1,"3567":1,"3568":1,"3569":1,"3570":1,"3571":1,"3572":1,"3573":1,"3574":1,"3575":1,"3576":1,"3577":1,"3578":1,"3579":1,"3580":1,"3581":1,"3582":1,"3583":1,"3584":1,"3585":1,"3586":1,"3587":1,"3588":1,"3589":1,"3590":1,"3591":1,"3592":1,"3593":1,"3594":1,"3595":1,"3596":1,"3597":1,"3598":1,"3599":1,"3600":1,"3601":1,"3602":1,"3603":1,"3604":1,"3605":1,"3606":1,"3607":1,"3608":1,"3609":1,"3610":1,"3611":1,"3612":1,"3613":1,"3614":1,"3615":1,"3616":1,"3617":1,"3618":1,"3619":1,"3620":1,"3621":1,"3622":1,"3623":1,"3624":1,"3625":1,"3626":1,"3627":1,"3628":1,"3629":1,"3630":1,"3631":1,"3632":1,"3633":1,"3634":1,"3635":1,"3636":1,"3637":1,"3638":1,"3639":1,"3640":1,"3641":1,"3642":1,"3643":1,"3644":1,"3645":1,"3646":1,"3647":1,"3648":1,"3649":1,"3650":1,"3651":1,"3652":1,"3653":1,"3654":1,"3655":1,"3656":1,"3657":1,"3658":1,"3659":1,"3660":1,"3661":1,"3662":1,"3663":1,"3664":1,"3665":1,"3666":1,"3667":1,"3668":1,"3669":1,"3670":1,"3671":1,"3672":1,"3673":1,"3674":1,"3675":1,"3676":1,"3677":1,"3678":1,"3679":1,"3680":1,"3681":1,"3682":1,"3683":1,"3684":1,"3685":1,"3686":1,"3687":1,"3688":1,"3689":1,"3690":1,"3691":1,"3692":1,"3693":1,"3694":1,"3695":1,"3696":1,"3697":1,"3698":1,"3699":1,"3700":1,"3701":1,"3702":1,"3703":1,"3704":1,"3705":1,"3706":1,"3707":1,"3708":1,"3709":1,"3710":1,"3711":1,"3712":1,"3713":1,"3714":1,"3715":1,"3716":1,"3717":1,"3718":1,"3719":1,"3720":1,"3721":1,"3722":1,"3723":1,"3724":1,"3725":1,"3726":1,"3727":1,"3728":1,"3729":1,"3730":1,"3731":1,"3732":1,"3733":1,"3734":1,"3735":1,"3736":1,"3737":1,"3738":1,"3739":1,"3740":1,"3741":1,"3742":1,"3743":1,"3744":1,"3745":1,"3746":1,"3747":1,"3748":1,"3749":1,"3750":1,"3751":1,"3752":1,"3753":1,"3754":1,"3755":1,"3756":1,"3757":1,"3758":1,"3759":1,"3760":1,"3761":1,"3762":1,"3763":1,"3764":1,"3765":1,"3766":1,"3767":1,"3768":1,"3769":1,"3770":1,"3771":1,"3772":1,"3773":1,"3774":1,"3775":1,"3776":1,"3777":1,"3778":1,"3779":1,"3780":1,"3781":1,"3782":1,"3783":1,"3784":1,"3785":1,"3786":1,"3787":1,"3788":1,"3789":1,"3790":1,"3791":1,"3792":1,"3793":1,"3794":1,"3795":1,"3796":1,"3797":1,"3798":1,"3799":1,"3800":1,"3801":1,"3802":1,"3803":1,"3804":1,"3805":1,"3806":1,"3807":1,"3808":1,"3809":1,"3810":1,"3811":1,"3812":1,"3813":1,"3814":1,"3815":1,"3816":1,"3817":1,"3818":1,"3819":1,"3820":1,"3821":1,"3822":1,"3823":1,"3824":1,"3825":1,"3826":1,"3827":1,"3828":1,"3829":1,"3830":1,"3831":1,"3832":1,"3833":1,"3834":1,"3835":1,"3836":1,"3837":1,"3838":1,"3839":1,"3840":1,"3841":1,"3842":1,"3843":1,"3844":1,"3845":1,"3846":1,"3847":1,"3848":1,"3849":1,"3850":1,"3851":1,"3852":1,"3853":1,"3854":1,"3855":1,"3856":1,"3857":1,"3858":1,"3859":1,"3860":1,"3861":1,"3862":1,"3863":1,"3864":1,"3865":1,"3866":1,"3867":1,"3868":1,"3869":1,"3870":1,"3871":1,"3872":1,"3873":1,"3874":1,"3875":1,"3876":1,"3877":1,"3878":1,"3879":1,"3880":1,"3881":1,"3882":1,"3883":1,"3884":1,"3885":1,"3886":1,"3887":1,"3888":1,"3889":1,"3890":1,"3891":1,"3892":1,"3893":1,"3894":1,"3895":1,"3896":1,"3897":1,"3898":1,"3899":1,"3900":1,"3901":1,"3902":1,"3903":1,"3904":1,"3905":1,"3906":1,"3907":1,"3908":1,"3909":1,"3910":1,"3911":1,"3912":1,"3913":1,"3914":1,"3915":1,"3916":1,"3917":1,"3918":1,"3919":1,"3920":1,"3921":1,"3922":1,"3923":1,"3924":1,"3925":1,"3926":1,"3927":1,"3928":1,"3929":1,"3930":1,"3931":1,"3932":1,"3933":1,"3934":1,"3935":1,"3936":1,"3937":1,"3938":1,"3939":1,"3940":1,"3941":1,"3942":1,"3943":1,"3944":1,"3945":1,"3946":1,"3947":1,"3948":1,"3949":1,"3950":1,"3951":1,"3952":1,"3953":1,"3954":1,"3955":1,"3956":1,"3957":1,"3958":1,"3959":1,"3960":1,"3961":1,"3962":1,"3963":1,"3964":1,"3965":1,"3966":1,"3967":1,"3968":1,"3969":1,"3970":1,"3971":1,"3972":1,"3973":1,"3974":1,"3975":1,"3976":1,"3977":1,"3978":1,"3979":1,"3980":1,"3981":1,"3982":1,"3983":1,"3984":1,"3985":1,"3986":1,"3987":1,"3988":1,"3989":1,"3990":1,"3991":1,"3992":1,"3993":1,"3994":1,"3995":1,"3996":1,"3997":1,"3998":1,"3999":1,"4000":1,"4001":1,"4002":1,"4003":1,"4004":1,"4005":1,"4006":1,"4007":1,"4008":1,"4009":1,"4010":1,"4011":1,"4012":1,"4013":1,"4014":1,"4015":1,"4016":1,"4017":1,"4018":1,"4019":1,"4020":1,"4021":1,"4022":1,"4023":1,"4024":1,"4025":1,"4026":1,"4027":1,"4028":1,"4029":1,"4030":1,"4031":1,"4032":1,"4033":1,"4034":1,"4035":1,"4036":1,"4037":1,"4038":1,"4039":1,"4040":1,"4041":1,"4042":1,"4043":1,"4044":1,"4045":1,"4046":1,"4047":1,"4048":1,"4049":1,"4050":1,"4051":1,"4052":1,"4053":1,"4054":1,"4055":1,"4056":1,"4057":1,"4058":1,"4059":1,"4060":1,"4061":1,"4062":1,"4063":1,"4064":1,"4065":1,"4066":1,"4067":1,"4068":1,"4069":1,"4070":1,"4071":1,"4072":1,"4073":1,"4074":1,"4075":1,"4076":1,"4077":1,"4078":1,"4079":1,"4080":1,"4081":1,"4082":1,"4083":1,"4084":1,"4085":1,"4086":1,"4087":1,"4088":1,"4089":1,"4090":1,"4091":1,"4092":1,"4093":1,"4094":1,"4095":1,"4096":1,"4097":1,"4098":1,"4099":1,"4100":1,"4101":1,"4102":1,"4103":1,"4104":1,"4105":1,"4106":1,"4107":1,"4108":1,"4109":1,"4110":1,"4111":1,"4112":1,"4113":1,"4114":1,"4115":1,"4116":1,"4117":1,"4118":1,"4119":1,"4120":1,"4121":1,"4122":1,"4123":1,"4124":1,"4125":1,"4126":1,"4127":1,"4128":1,"4129":1,"4130":1,"4131":1,"4132":1,"4133":1,"4134":1,"4135":1,"4136":1,"4137":1,"4138":1,"4139":1,"4140":1,"4141":1,"4142":1,"4143":1,"4144":1,"4145":1,"4146":1,"4147":1,"4148":1,"4149":1,"4150":1,"4151":1,"4152":1,"4153":1,"4154":1,"4155":1,"4156":1,"4157":1,"4158":1,"4159":1,"4160":1,"4161":1,"4162":1,"4163":1,"4164":1,"4165":1,"4166":1,"4167":1,"4168":1,"4169":1,"4170":1,"4171":1,"4172":1,"4173":1,"4174":1,"4175":1,"4176":1,"4177":1,"4178":1,"4179":1,"4180":1,"4181":1,"4182":1,"4183":1,"4184":1,"4185":1,"4186":1,"4187":1,"4188":1,"4189":1,"4190":1,"4191":1,"4192":1,"4193":1,"4194":1,"4195":1,"4196":1,"4197":1,"4198":1,"4199":1,"4200":1,"4201":1,"4202":1,"4203":1,"4204":1,"4205":1,"4206":1,"4207":1,"4208":1,"4209":1,"4210":1,"4211":1,"4212":1,"4213":1,"4214":1,"4215":1,"4216":1,"4217":1,"4218":1,"4219":1,"4220":1,"4221":1,"4222":1,"4223":1,"4224":1,"4225":1,"4226":1,"4227":1,"4228":1,"4229":1,"4230":1,"4231":1,"4232":1,"4233":1,"4234":1,"4235":1,"4236":1,"4237":1,"4238":1,"4239":1,"4240":1,"4241":1,"4242":1,"4243":1,"4244":1,"4245":1,"4246":1,"4247":1,"4248":1,"4249":1,"4250":1,"4251":1,"4252":1,"4253":1,"4254":1,"4255":1,"4256":1,"4257":1,"4258":1,"4259":1,"4260":1,"4261":1,"4262":1,"4263":1,"4264":1,"4265":1,"4266":1,"4267":1,"4268":1,"4269":1,"4270":1,"4271":1,"4272":1,"4273":1,"4274":1,"4275":1,"4276":1,"4277":1,"4278":1,"4279":1,"4280":1,"4281":1,"4282":1,"4283":1,"4284":1,"4285":1,"4286":1,"4287":1,"4288":1,"4289":1,"4290":1,"4291":1,"4292":1,"4293":1,"4294":1,"4295":1,"4296":1,"4297":1,"4298":1,"4299":1,"4300":1,"4301":1,"4302":1,"4303":1,"4304":1,"4305":1,"4306":1,"4307":1,"4308":1,"4309":1,"4310":1,"4311":1,"4312":1,"4313":1,"4314":1,"4315":1,"4316":1,"4317":1,"4318":1,"4319":1,"4320":1,"4321":1,"4322":1,"4323":1,"4324":1,"4325":1,"4326":1,"4327":1,"4328":1,"4329":1,"4330":1,"4331":1,"4332":1,"4333":1,"4334":1,"4335":1,"4336":1,"4337":1,"4338":1,"4339":1,"4340":1,"4341":1,"4342":1,"4343":1,"4344":1,"4345":1,"4346":1,"4347":1,"4348":1,"4349":1,"4350":1,"4351":1,"4352":1,"4353":1,"4354":1,"4355":1,"4356":1,"4357":1,"4358":1,"4359":1,"4360":1,"4361":1,"4362":1,"4363":1,"4364":1,"4365":1,"4366":1,"4367":1,"4368":1,"4369":1,"4370":1,"4371":1,"4372":1,"4373":1,"4374":1,"4375":1,"4376":1,"4377":1,"4378":1,"4379":1,"4380":1,"4381":1,"4382":1,"4383":1,"4384":1,"4385":1,"4386":1,"4387":1,"4388":1,"4389":1,"4390":1,"4391":1,"4392":1,"4393":1,"4394":1,"4395":1,"4396":1,"4397":1,"4398":1,"4399":1,"4400":1,"4401":1,"4402":1,"4403":1,"4404":1,"4405":1,"4406":1,"4407":1,"4408":1,"4409":1,"4410":1,"4411":1,"4412":1,"4413":1,"4414":1,"4415":1,"4416":1,"4417":1,"4418":1,"4419":1,"4420":1,"4421":1,"4422":1,"4423":1,"4424":1,"4425":1,"4426":1,"4427":1,"4428":1,"4429":1,"4430":1,"4431":1,"4432":1,"4433":1,"4434":1,"4435":1,"4436":1,"4437":1,"4438":1,"4439":1,"4440":1,"4441":1,"4442":1,"4443":1,"4444":1,"4445":1,"4446":1,"4447":1,"4448":1,"4449":1,"4450":1,"4451":1,"4452":1,"4453":1,"4454":1,"4455":1,"4456":1,"4457":1,"4458":1,"4459":1,"4460":1,"4461":1,"4462":1,"4463":1,"4464":1,"4465":1,"4466":1,"4467":1,"4468":1,"4469":1,"4470":1,"4471":1,"4472":1,"4473":1,"4474":1,"4475":1,"4476":1,"4477":1,"4478":1,"4479":1,"4480":1,"4481":1,"4482":1,"4483":1,"4484":1,"4485":1,"4486":1,"4487":1,"4488":1,"4489":1,"4490":1,"4491":1,"4492":1,"4493":1,"4494":1,"4495":1,"4496":1,"4497":1,"4498":1,"4499":1,"4500":1,"4501":1,"4502":1,"4503":1,"4504":1,"4505":1,"4506":1,"4507":1,"4508":1,"4509":1,"4510":1,"4511":1,"4512":1,"4513":1,"4514":1,"4515":1,"4516":1,"4517":1,"4518":1,"4519":1,"4520":1,"4521":1,"4522":1,"4523":1,"4524":1,"4525":1,"4526":1,"4527":1,"4528":1,"4529":1,"4530":1,"4531":1,"4532":1,"4533":1,"4534":1,"4535":1,"4536":1,"4537":1,"4538":1,"4539":1,"4540":1,"4541":1,"4542":1,"4543":1,"4544":1,"4545":1,"4546":1,"4547":1,"4548":1,"4549":1,"4550":1,"4551":1,"4552":1,"4553":1,"4554":1,"4555":1,"4556":1,"4557":1,"4558":1,"4559":1,"4560":1,"4561":1,"4562":1,"4563":1,"4564":1,"4565":1,"4566":1,"4567":1,"4568":1,"4569":1,"4570":1,"4571":1,"4572":1,"4573":1,"4574":1,"4575":1,"4576":1,"4577":1,"4578":1,"4579":1,"4580":1,"4581":1,"4582":1,"4583":1,"4584":1,"4585":1,"4586":1,"4587":1,"4588":1,"4589":1,"4590":1,"4591":1,"4592":1,"4593":1,"4594":1,"4595":1,"4596":1,"4597":1,"4598":1,"4599":1,"4600":1,"4601":1,"4602":1,"4603":1,"4604":1,"4605":1,"4606":1,"4607":1,"4608":1,"4609":1,"4610":1,"4611":1,"4612":1,"4613":1,"4614":1,"4615":1,"4616":1,"4617":1,"4618":1,"4619":1,"4620":1,"4621":1,"4622":1,"4623":1,"4624":1,"4625":1,"4626":1,"4627":1,"4628":1,"4629":1,"4630":1,"4631":1,"4632":1,"4633":1,"4634":1,"4635":1,"4636":1,"4637":1,"4638":1,"4639":1,"4640":1,"4641":1,"4642":1,"4643":1,"4644":1,"4645":1,"4646":1,"4647":1,"4648":1,"4649":1,"4650":1,"4651":1,"4652":1,"4653":1,"4654":1,"4655":1,"4656":1,"4657":1,"4658":1,"4659":1,"4660":1,"4661":1,"4662":1,"4663":1,"4664":1,"4665":1,"4666":1,"4667":1,"4668":1,"4669":1,"4670":1,"4671":1,"4672":1,"4673":1,"4674":1,"4675":1,"4676":1,"4677":1,"4678":1,"4679":1,"4680":1,"4681":1,"4682":1,"4683":1,"4684":1,"4685":1,"4686":1,"4687":1,"4688":1,"4689":1,"4690":1,"4691":1,"4692":1,"4693":1,"4694":1,"4695":1,"4696":1,"4697":1,"4698":1,"4699":1,"4700":1,"4701":1,"4702":1,"4703":1,"4704":1,"4705":1,"4706":1,"4707":1,"4708":1,"4709":1,"4710":1,"4711":1,"4712":1,"4713":1,"4714":1,"4715":1,"4716":1,"4717":1,"4718":1,"4719":1,"4720":1,"4721":1,"4722":1,"4723":1,"4724":1,"4725":1,"4726":1,"4727":1,"4728":1,"4729":1,"4730":1,"4731":1,"4732":1,"4733":1,"4734":1,"4735":1,"4736":1,"4737":1,"4738":1,"4739":1,"4740":1,"4741":1,"4742":1,"4743":1,"4744":1,"4745":1,"4746":1,"4747":1,"4748":1,"4749":1,"4750":1,"4751":1,"4752":1,"4753":1,"4754":1,"4755":1,"4756":1,"4757":1,"4758":1,"4759":1,"4760":1,"4761":1,"4762":1,"4763":1,"4764":1,"4765":1,"4766":1,"4767":1,"4768":1,"4769":1,"4770":1,"4771":1,"4772":1,"4773":1,"4774":1,"4775":1},"branchMap":{},"b":{},"fnMap":{},"f":{}}
,"/Users/eduardolopes/projects/personal/price-history-api/tests/output_example.js": {"path":"/Users/eduardolopes/projects/personal/price-history-api/tests/output_example.js","all":false,"statementMap":{"0":{"start":{"line":1,"column":0},"end":{"line":1,"column":18}},"1":{"start":{"line":2,"column":0},"end":{"line":2,"column":36}},"2":{"start":{"line":3,"column":0},"end":{"line":3,"column":40}},"3":{"start":{"line":4,"column":0},"end":{"line":4,"column":60}},"4":{"start":{"line":5,"column":0},"end":{"line":5,"column":63}},"5":{"start":{"line":6,"column":0},"end":{"line":6,"column":35}},"6":{"start":{"line":7,"column":0},"end":{"line":7,"column":60}},"7":{"start":{"line":8,"column":0},"end":{"line":8,"column":41}},"8":{"start":{"line":9,"column":0},"end":{"line":9,"column":29}},"9":{"start":{"line":10,"column":0},"end":{"line":10,"column":88}},"10":{"start":{"line":11,"column":0},"end":{"line":11,"column":49}},"11":{"start":{"line":12,"column":0},"end":{"line":12,"column":45}},"12":{"start":{"line":13,"column":0},"end":{"line":13,"column":39}},"13":{"start":{"line":14,"column":0},"end":{"line":14,"column":43}},"14":{"start":{"line":15,"column":0},"end":{"line":15,"column":37}},"15":{"start":{"line":16,"column":0},"end":{"line":16,"column":45}},"16":{"start":{"line":17,"column":0},"end":{"line":17,"column":35}},"17":{"start":{"line":18,"column":0},"end":{"line":18,"column":48}},"18":{"start":{"line":19,"column":0},"end":{"line":19,"column":35}},"19":{"start":{"line":20,"column":0},"end":{"line":20,"column":42}},"20":{"start":{"line":21,"column":0},"end":{"line":21,"column":37}},"21":{"start":{"line":22,"column":0},"end":{"line":22,"column":34}},"22":{"start":{"line":23,"column":0},"end":{"line":23,"column":74}},"23":{"start":{"line":24,"column":0},"end":{"line":24,"column":42}},"24":{"start":{"line":25,"column":0},"end":{"line":25,"column":79}},"25":{"start":{"line":26,"column":0},"end":{"line":26,"column":17}},"26":{"start":{"line":27,"column":0},"end":{"line":27,"column":65}},"27":{"start":{"line":28,"column":0},"end":{"line":28,"column":53}},"28":{"start":{"line":29,"column":0},"end":{"line":29,"column":29}},"29":{"start":{"line":30,"column":0},"end":{"line":30,"column":50}},"30":{"start":{"line":31,"column":0},"end":{"line":31,"column":58}},"31":{"start":{"line":32,"column":0},"end":{"line":32,"column":1}}},"s":{"0":1,"1":1,"2":1,"3":1,"4":1,"5":1,"6":1,"7":1,"8":1,"9":1,"10":1,"11":1,"12":1,"13":1,"14":1,"15":1,"16":1,"17":1,"18":1,"19":1,"20":1,"21":1,"22":1,"23":1,"24":1,"25":1,"26":1,"27":1,"28":1,"29":1,"30":1,"31":1},"branchMap":{},"b":{},"fnMap":{},"f":{}}
}
